0001_0020_0031_0065_0065.jpg 1 20 31 65 65
0002_0026_0032_0045_0045.jpg 1 26 32 45 45
0003_0051_0041_0039_0039.jpg 1 51 41 39 39
0004_0029_0041_0039_0039.jpg 1 29 41 39 39
0005_0027_0047_0046_0046.jpg 1 27 47 46 46
0006_0021_0027_0025_0025.jpg 1 21 27 25 25
0007_0023_0041_0028_0028.jpg 1 23 41 28 28
0008_0046_0046_0040_0040.jpg 1 46 46 40 40
0009_0011_0062_0029_0029.jpg 1 11 62 29 29
0010_0010_0008_0068_0068.jpg 1 10 8 68 68
0011_0018_0037_0048_0048.jpg 1 18 37 48 48
0012_0017_0017_0049_0049.jpg 1 17 17 49 49
0013_0041_0004_0054_0054.jpg 1 41 4 54 54
0014_0017_0007_0041_0041.jpg 1 17 7 41 41
0015_0049_0055_0032_0032.jpg 1 49 55 32 32
0016_0018_0037_0055_0055.jpg 1 18 37 55 55
0017_0010_0017_0053_0053.jpg 1 10 17 53 53
0018_0008_0019_0048_0048.jpg 1 8 19 48 48
0019_0025_0003_0061_0061.jpg 1 25 3 61 61
0020_0008_0025_0042_0042.jpg 1 8 25 42 42
0021_0029_0046_0046_0046.jpg 1 29 46 46 46
0022_0011_0036_0037_0037.jpg 1 11 36 37 37
0023_0004_0004_0065_0065.jpg 1 4 4 65 65
0024_0023_0032_0051_0051.jpg 1 23 32 51 51
0025_0008_0023_0068_0068.jpg 1 8 23 68 68
0026_0044_0037_0043_0043.jpg 1 44 37 43 43
0027_0024_0006_0065_0065.jpg 1 24 6 65 65
0028_0004_0010_0058_0058.jpg 1 4 10 58 58
0029_0041_0017_0051_0051.jpg 1 41 17 51 51
0030_0026_0009_0069_0069.jpg 1 26 9 69 69
0031_0026_0006_0054_0054.jpg 1 26 6 54 54
0032_0052_0019_0040_0040.jpg 1 52 19 40 40
0033_0012_0021_0068_0068.jpg 1 12 21 68 68
0034_0035_0006_0058_0058.jpg 1 35 6 58 58
0035_0031_0019_0063_0063.jpg 1 31 19 63 63
0036_0037_0043_0038_0038.jpg 1 37 43 38 38
0037_0044_0025_0028_0028.jpg 1 44 25 28 28
0038_0014_0020_0049_0049.jpg 1 14 20 49 49
0039_0046_0041_0036_0036.jpg 1 46 41 36 36
0040_0007_0060_0032_0032.jpg 1 7 60 32 32
0041_0017_0005_0065_0065.jpg 1 17 5 65 65
0042_0042_0019_0051_0051.jpg 1 42 19 51 51
0043_0033_0023_0033_0033.jpg 1 33 23 33 33
0044_0029_0020_0058_0058.jpg 1 29 20 58 58
0045_0049_0041_0044_0044.jpg 1 49 41 44 44
0046_0022_0015_0068_0068.jpg 1 22 15 68 68
0047_0024_0013_0065_0065.jpg 1 24 13 65 65
0048_0008_0018_0032_0032.jpg 1 8 18 32 32
0049_0020_0032_0045_0045.jpg 1 20 32 45 45
0050_0024_0023_0065_0065.jpg 1 24 23 65 65
0051_0015_0008_0063_0063.jpg 1 15 8 63 63
0052_0021_0040_0052_0052.jpg 1 21 40 52 52
0053_0005_0016_0049_0049.jpg 1 5 16 49 49
0054_0032_0018_0031_0031.jpg 1 32 18 31 31
0055_0026_0010_0033_0033.jpg 1 26 10 33 33
0056_0042_0033_0041_0041.jpg 1 42 33 41 41
0057_0016_0024_0058_0058.jpg 1 16 24 58 58
0058_0028_0021_0047_0047.jpg 1 28 21 47 47
0059_0033_0034_0030_0030.jpg 1 33 34 30 30
0060_0007_0039_0042_0042.jpg 1 7 39 42 42
0061_0026_0035_0056_0056.jpg 1 26 35 56 56
0062_0021_0014_0068_0068.jpg 1 21 14 68 68
0063_0024_0035_0033_0033.jpg 1 24 35 33 33
0064_0013_0036_0053_0053.jpg 1 13 36 53 53
0065_0047_0011_0035_0035.jpg 1 47 11 35 35
0066_0044_0047_0034_0034.jpg 1 44 47 34 34
0067_0013_0013_0058_0058.jpg 1 13 13 58 58
0068_0015_0037_0044_0044.jpg 1 15 37 44 44
0069_0022_0022_0052_0052.jpg 1 22 22 52 52
0070_0012_0018_0027_0027.jpg 1 12 18 27 27
0071_0012_0011_0037_0037.jpg 1 12 11 37 37
0072_0024_0030_0062_0062.jpg 1 24 30 62 62
0073_0023_0023_0064_0064.jpg 1 23 23 64 64
0074_0006_0020_0056_0056.jpg 1 6 20 56 56
0075_0008_0009_0063_0063.jpg 1 8 9 63 63
0076_0061_0062_0024_0024.jpg 1 61 62 24 24
0077_0049_0027_0041_0041.jpg 1 49 27 41 41
0078_0031_0038_0029_0029.jpg 1 31 38 29 29
0079_0052_0045_0039_0039.jpg 1 52 45 39 39
0080_0029_0033_0054_0054.jpg 1 29 33 54 54
0081_0025_0021_0068_0068.jpg 1 25 21 68 68
0082_0026_0011_0048_0048.jpg 1 26 11 48 48
0083_0009_0019_0068_0068.jpg 1 9 19 68 68
0084_0017_0025_0039_0039.jpg 1 17 25 39 39
0085_0015_0006_0047_0047.jpg 1 15 6 47 47
0086_0038_0036_0054_0054.jpg 1 38 36 54 54
0087_0040_0017_0050_0050.jpg 1 40 17 50 50
0088_0006_0028_0060_0060.jpg 1 6 28 60 60
0089_0055_0011_0032_0032.jpg 1 55 11 32 32
0090_0030_0047_0032_0032.jpg 1 30 47 32 32
0091_0037_0042_0026_0026.jpg 1 37 42 26 26
0092_0039_0027_0045_0045.jpg 1 39 27 45 45
0093_0014_0029_0066_0066.jpg 1 14 29 66 66
0094_0062_0041_0028_0028.jpg 1 62 41 28 28
0095_0030_0038_0054_0054.jpg 1 30 38 54 54
0096_0038_0010_0057_0057.jpg 1 38 10 57 57
0097_0010_0020_0056_0056.jpg 1 10 20 56 56
0098_0027_0025_0026_0026.jpg 1 27 25 26 26
0099_0032_0036_0044_0044.jpg 1 32 36 44 44
0100_0017_0037_0042_0042.jpg 1 17 37 42 42
0101_0007_0020_0068_0068.jpg 1 7 20 68 68
0102_0012_0014_0060_0060.jpg 1 12 14 60 60
0103_0043_0029_0052_0052.jpg 1 43 29 52 52
0104_0025_0018_0067_0067.jpg 1 25 18 67 67
0105_0059_0013_0025_0025.jpg 1 59 13 25 25
0106_0009_0049_0045_0045.jpg 1 9 49 45 45
0107_0004_0010_0065_0065.jpg 1 4 10 65 65
0108_0049_0040_0025_0025.jpg 1 49 40 25 25
0109_0010_0018_0040_0040.jpg 1 10 18 40 40
0110_0056_0059_0025_0025.jpg 1 56 59 25 25
0111_0007_0005_0066_0066.jpg 1 7 5 66 66
0112_0013_0025_0060_0060.jpg 1 13 25 60 60
0113_0059_0059_0028_0028.jpg 1 59 59 28 28
0114_0038_0011_0051_0051.jpg 1 38 11 51 51
0115_0005_0013_0051_0051.jpg 1 5 13 51 51
0116_0032_0053_0033_0033.jpg 1 32 53 33 33
0117_0032_0032_0035_0035.jpg 1 32 32 35 35
0118_0028_0006_0066_0066.jpg 1 28 6 66 66
0119_0019_0031_0044_0044.jpg 1 19 31 44 44
0120_0019_0016_0047_0047.jpg 1 19 16 47 47
0121_0007_0032_0035_0035.jpg 1 7 32 35 35
0122_0004_0018_0051_0051.jpg 1 4 18 51 51
0123_0044_0022_0027_0027.jpg 1 44 22 27 27
0124_0011_0026_0051_0051.jpg 1 11 26 51 51
0125_0035_0051_0031_0031.jpg 1 35 51 31 31
0126_0009_0013_0049_0049.jpg 1 9 13 49 49
0127_0023_0006_0045_0045.jpg 1 23 6 45 45
0128_0017_0025_0037_0037.jpg 1 17 25 37 37
0129_0044_0011_0034_0034.jpg 1 44 11 34 34
0130_0017_0014_0043_0043.jpg 1 17 14 43 43
0131_0040_0035_0039_0039.jpg 1 40 35 39 39
0132_0024_0024_0062_0062.jpg 1 24 24 62 62
0133_0008_0020_0027_0027.jpg 1 8 20 27 27
0134_0009_0012_0065_0065.jpg 1 9 12 65 65
0135_0011_0007_0053_0053.jpg 1 11 7 53 53
0136_0031_0015_0033_0033.jpg 1 31 15 33 33
0137_0021_0038_0034_0034.jpg 1 21 38 34 34
0138_0041_0038_0026_0026.jpg 1 41 38 26 26
0139_0031_0011_0059_0059.jpg 1 31 11 59 59
0140_0013_0028_0045_0045.jpg 1 13 28 45 45
0141_0040_0030_0039_0039.jpg 1 40 30 39 39
0142_0015_0032_0062_0062.jpg 1 15 32 62 62
0143_0011_0063_0027_0027.jpg 1 11 63 27 27
0144_0053_0055_0034_0034.jpg 1 53 55 34 34
0145_0029_0022_0058_0058.jpg 1 29 22 58 58
0146_0017_0022_0038_0038.jpg 1 17 22 38 38
0147_0029_0045_0030_0030.jpg 1 29 45 30 30
0148_0006_0015_0065_0065.jpg 1 6 15 65 65
0149_0004_0004_0056_0056.jpg 1 4 4 56 56
0150_0061_0036_0030_0030.jpg 1 61 36 30 30
0151_0028_0039_0034_0034.jpg 1 28 39 34 34
0152_0037_0015_0034_0034.jpg 1 37 15 34 34
0153_0004_0009_0061_0061.jpg 1 4 9 61 61
0154_0024_0023_0065_0065.jpg 1 24 23 65 65
0155_0026_0014_0053_0053.jpg 1 26 14 53 53
0156_0014_0045_0046_0046.jpg 1 14 45 46 46
0157_0014_0042_0040_0040.jpg 1 14 42 40 40
0158_0034_0041_0047_0047.jpg 1 34 41 47 47
0159_0021_0045_0025_0025.jpg 1 21 45 25 25
0160_0063_0035_0024_0024.jpg 1 63 35 24 24
0161_0026_0014_0059_0059.jpg 1 26 14 59 59
0162_0045_0005_0047_0047.jpg 1 45 5 47 47
0163_0012_0027_0064_0064.jpg 1 12 27 64 64
0164_0028_0040_0045_0045.jpg 1 28 40 45 45
0165_0010_0017_0064_0064.jpg 1 10 17 64 64
0166_0025_0037_0048_0048.jpg 1 25 37 48 48
0167_0015_0010_0060_0060.jpg 1 15 10 60 60
0168_0035_0039_0036_0036.jpg 1 35 39 36 36
0169_0012_0028_0042_0042.jpg 1 12 28 42 42
0170_0040_0027_0053_0053.jpg 1 40 27 53 53
0171_0013_0030_0064_0064.jpg 1 13 30 64 64
0172_0010_0023_0069_0069.jpg 1 10 23 69 69
0173_0058_0033_0034_0034.jpg 1 58 33 34 34
0174_0025_0014_0057_0057.jpg 1 25 14 57 57
0175_0031_0020_0032_0032.jpg 1 31 20 32 32
0176_0021_0027_0053_0053.jpg 1 21 27 53 53
0177_0021_0029_0064_0064.jpg 1 21 29 64 64
0178_0008_0009_0060_0060.jpg 1 8 9 60 60
0179_0016_0058_0025_0025.jpg 1 16 58 25 25
0180_0014_0010_0029_0029.jpg 1 14 10 29 29
0181_0035_0029_0061_0061.jpg 1 35 29 61 61
0182_0030_0032_0045_0045.jpg 1 30 32 45 45
0183_0048_0020_0040_0040.jpg 1 48 20 40 40
0184_0036_0024_0050_0050.jpg 1 36 24 50 50
0185_0006_0015_0061_0061.jpg 1 6 15 61 61
0186_0013_0026_0038_0038.jpg 1 13 26 38 38
0187_0010_0028_0031_0031.jpg 1 10 28 31 31
0188_0032_0026_0060_0060.jpg 1 32 26 60 60
0189_0035_0011_0043_0043.jpg 1 35 11 43 43
0190_0017_0011_0029_0029.jpg 1 17 11 29 29
0191_0030_0020_0061_0061.jpg 1 30 20 61 61
0192_0008_0025_0048_0048.jpg 1 8 25 48 48
0193_0020_0027_0034_0034.jpg 1 20 27 34 34
0194_0047_0017_0044_0044.jpg 1 47 17 44 44
0195_0011_0010_0046_0046.jpg 1 11 10 46 46
0196_0023_0003_0066_0066.jpg 1 23 3 66 66
0197_0009_0042_0036_0036.jpg 1 9 42 36 36
0198_0018_0008_0064_0064.jpg 1 18 8 64 64
0199_0019_0042_0046_0046.jpg 1 19 42 46 46
0200_0006_0005_0062_0062.jpg 1 6 5 62 62
0201_0036_0009_0045_0045.jpg 1 36 9 45 45
0202_0039_0042_0042_0042.jpg 1 39 42 42 42
0203_0013_0012_0054_0054.jpg 1 13 12 54 54
0204_0008_0033_0036_0036.jpg 1 8 33 36 36
0205_0008_0017_0067_0067.jpg 1 8 17 67 67
0206_0032_0018_0063_0063.jpg 1 32 18 63 63
0207_0005_0030_0056_0056.jpg 1 5 30 56 56
0208_0037_0030_0056_0056.jpg 1 37 30 56 56
0209_0040_0018_0042_0042.jpg 1 40 18 42 42
0210_0009_0019_0035_0035.jpg 1 9 19 35 35
0211_0004_0022_0055_0055.jpg 1 4 22 55 55
0212_0028_0043_0046_0046.jpg 1 28 43 46 46
0213_0036_0016_0045_0045.jpg 1 36 16 45 45
0214_0016_0060_0029_0029.jpg 1 16 60 29 29
0215_0033_0025_0034_0034.jpg 1 33 25 34 34
0216_0053_0020_0035_0035.jpg 1 53 20 35 35
0217_0030_0029_0033_0033.jpg 1 30 29 33 33
0218_0020_0028_0068_0068.jpg 1 20 28 68 68
0219_0056_0035_0026_0026.jpg 1 56 35 26 26
0220_0017_0052_0033_0033.jpg 1 17 52 33 33
0221_0013_0014_0036_0036.jpg 1 13 14 36 36
0222_0006_0021_0050_0050.jpg 1 6 21 50 50
0223_0010_0036_0033_0033.jpg 1 10 36 33 33
0224_0031_0025_0049_0049.jpg 1 31 25 49 49
0225_0035_0032_0047_0047.jpg 1 35 32 47 47
0226_0035_0029_0044_0044.jpg 1 35 29 44 44
0227_0042_0017_0050_0050.jpg 1 42 17 50 50
0228_0012_0015_0065_0065.jpg 1 12 15 65 65
0229_0046_0016_0032_0032.jpg 1 46 16 32 32
0230_0053_0010_0028_0028.jpg 1 53 10 28 28
0231_0050_0050_0031_0031.jpg 1 50 50 31 31
0232_0007_0024_0049_0049.jpg 1 7 24 49 49
0233_0015_0037_0041_0041.jpg 1 15 37 41 41
0234_0022_0031_0047_0047.jpg 1 22 31 47 47
0235_0018_0039_0047_0047.jpg 1 18 39 47 47
0236_0013_0020_0068_0068.jpg 1 13 20 68 68
0237_0030_0047_0043_0043.jpg 1 30 47 43 43
0238_0049_0011_0043_0043.jpg 1 49 11 43 43
0239_0038_0020_0027_0027.jpg 1 38 20 27 27
0240_0026_0030_0028_0028.jpg 1 26 30 28 28
0241_0025_0058_0033_0033.jpg 1 25 58 33 33
0242_0018_0006_0062_0062.jpg 1 18 6 62 62
0243_0032_0022_0049_0049.jpg 1 32 22 49 49
0244_0014_0035_0057_0057.jpg 1 14 35 57 57
0245_0019_0028_0052_0052.jpg 1 19 28 52 52
0246_0020_0009_0034_0034.jpg 1 20 9 34 34
0247_0055_0037_0037_0037.jpg 1 55 37 37 37
0248_0028_0018_0067_0067.jpg 1 28 18 67 67
0249_0014_0021_0063_0063.jpg 1 14 21 63 63
0250_0056_0063_0026_0026.jpg 1 56 63 26 26
0251_0025_0014_0057_0057.jpg 1 25 14 57 57
0252_0011_0029_0041_0041.jpg 1 11 29 41 41
0253_0031_0009_0062_0062.jpg 1 31 9 62 62
0254_0053_0033_0026_0026.jpg 1 53 33 26 26
0255_0026_0022_0052_0052.jpg 1 26 22 52 52
0256_0025_0022_0058_0058.jpg 1 25 22 58 58
0257_0016_0018_0050_0050.jpg 1 16 18 50 50
0258_0028_0017_0054_0054.jpg 1 28 17 54 54
0259_0023_0012_0049_0049.jpg 1 23 12 49 49
0260_0022_0010_0026_0026.jpg 1 22 10 26 26
0261_0024_0014_0048_0048.jpg 1 24 14 48 48
0262_0045_0006_0041_0041.jpg 1 45 6 41 41
0263_0031_0050_0034_0034.jpg 1 31 50 34 34
0264_0032_0061_0029_0029.jpg 1 32 61 29 29
0265_0059_0039_0025_0025.jpg 1 59 39 25 25
0266_0030_0043_0029_0029.jpg 1 30 43 29 29
0267_0010_0018_0064_0064.jpg 1 10 18 64 64
0268_0015_0013_0060_0060.jpg 1 15 13 60 60
0269_0015_0042_0049_0049.jpg 1 15 42 49 49
0270_0007_0031_0051_0051.jpg 1 7 31 51 51
0271_0030_0022_0054_0054.jpg 1 30 22 54 54
0272_0034_0031_0046_0046.jpg 1 34 31 46 46
0273_0041_0020_0035_0035.jpg 1 41 20 35 35
0274_0034_0013_0057_0057.jpg 1 34 13 57 57
0275_0064_0033_0024_0024.jpg 1 64 33 24 24
0276_0022_0012_0046_0046.jpg 1 22 12 46 46
0277_0020_0015_0031_0031.jpg 1 20 15 31 31
0278_0011_0015_0069_0069.jpg 1 11 15 69 69
0279_0004_0025_0068_0068.jpg 1 4 25 68 68
0280_0052_0030_0036_0036.jpg 1 52 30 36 36
0281_0007_0012_0057_0057.jpg 1 7 12 57 57
0282_0007_0034_0057_0057.jpg 1 7 34 57 57
0283_0010_0028_0053_0053.jpg 1 10 28 53 53
0284_0045_0046_0024_0024.jpg 1 45 46 24 24
0285_0016_0036_0026_0026.jpg 1 16 36 26 26
0286_0034_0028_0056_0056.jpg 1 34 28 56 56
0287_0008_0007_0047_0047.jpg 1 8 7 47 47
0288_0005_0026_0059_0059.jpg 1 5 26 59 59
0289_0015_0044_0039_0039.jpg 1 15 44 39 39
0290_0024_0020_0037_0037.jpg 1 24 20 37 37
0291_0014_0019_0063_0063.jpg 1 14 19 63 63
0292_0037_0063_0027_0027.jpg 1 37 63 27 27
0293_0032_0012_0036_0036.jpg 1 32 12 36 36
0294_0006_0019_0065_0065.jpg 1 6 19 65 65
0295_0013_0050_0028_0028.jpg 1 13 50 28 28
0296_0018_0035_0031_0031.jpg 1 18 35 31 31
0297_0051_0053_0039_0039.jpg 1 51 53 39 39
0298_0018_0023_0043_0043.jpg 1 18 23 43 43
0299_0050_0016_0032_0032.jpg 1 50 16 32 32
0300_0048_0028_0041_0041.jpg 1 48 28 41 41
0301_0037_0049_0037_0037.jpg 1 37 49 37 37
0302_0036_0036_0048_0048.jpg 1 36 36 48 48
0303_0010_0012_0067_0067.jpg 1 10 12 67 67
0304_0040_0022_0049_0049.jpg 1 40 22 49 49
0305_0049_0026_0044_0044.jpg 1 49 26 44 44
0306_0051_0025_0028_0028.jpg 1 51 25 28 28
0307_0025_0018_0047_0047.jpg 1 25 18 47 47
0308_0043_0038_0043_0043.jpg 1 43 38 43 43
0309_0039_0020_0026_0026.jpg 1 39 20 26 26
0310_0042_0039_0048_0048.jpg 1 42 39 48 48
0311_0021_0038_0054_0054.jpg 1 21 38 54 54
0312_0022_0028_0068_0068.jpg 1 22 28 68 68
0313_0031_0024_0057_0057.jpg 1 31 24 57 57
0314_0057_0024_0033_0033.jpg 1 57 24 33 33
0315_0016_0023_0032_0032.jpg 1 16 23 32 32
0316_0028_0016_0057_0057.jpg 1 28 16 57 57
0317_0008_0016_0061_0061.jpg 1 8 16 61 61
0318_0031_0027_0057_0057.jpg 1 31 27 57 57
0319_0025_0013_0036_0036.jpg 1 25 13 36 36
0320_0047_0053_0037_0037.jpg 1 47 53 37 37
0321_0028_0015_0056_0056.jpg 1 28 15 56 56
0322_0017_0042_0045_0045.jpg 1 17 42 45 45
0323_0016_0007_0065_0065.jpg 1 16 7 65 65
0324_0008_0012_0052_0052.jpg 1 8 12 52 52
0325_0011_0014_0036_0036.jpg 1 11 14 36 36
0326_0005_0013_0061_0061.jpg 1 5 13 61 61
0327_0030_0026_0033_0033.jpg 1 30 26 33 33
0328_0022_0016_0042_0042.jpg 1 22 16 42 42
0329_0038_0022_0035_0035.jpg 1 38 22 35 35
0330_0024_0021_0050_0050.jpg 1 24 21 50 50
0331_0025_0021_0062_0062.jpg 1 25 21 62 62
0332_0005_0016_0042_0042.jpg 1 5 16 42 42
0333_0038_0005_0049_0049.jpg 1 38 5 49 49
0334_0030_0043_0043_0043.jpg 1 30 43 43 43
0335_0053_0036_0038_0038.jpg 1 53 36 38 38
0336_0027_0025_0068_0068.jpg 1 27 25 68 68
0337_0020_0034_0056_0056.jpg 1 20 34 56 56
0338_0040_0052_0029_0029.jpg 1 40 52 29 29
0339_0008_0044_0045_0045.jpg 1 8 44 45 45
0340_0036_0039_0035_0035.jpg 1 36 39 35 35
0341_0032_0011_0032_0032.jpg 1 32 11 32 32
0342_0029_0040_0028_0028.jpg 1 29 40 28 28
0343_0033_0021_0060_0060.jpg 1 33 21 60 60
0344_0021_0009_0054_0054.jpg 1 21 9 54 54
0345_0028_0034_0060_0060.jpg 1 28 34 60 60
0346_0039_0037_0051_0051.jpg 1 39 37 51 51
0347_0017_0006_0060_0060.jpg 1 17 6 60 60
0348_0023_0041_0034_0034.jpg 1 23 41 34 34
0349_0013_0016_0026_0026.jpg 1 13 16 26 26
0350_0008_0006_0036_0036.jpg 1 8 6 36 36
0351_0013_0031_0039_0039.jpg 1 13 31 39 39
0352_0065_0030_0024_0024.jpg 1 65 30 24 24
0353_0042_0011_0051_0051.jpg 1 42 11 51 51
0354_0048_0034_0041_0041.jpg 1 48 34 41 41
0355_0033_0055_0029_0029.jpg 1 33 55 29 29
0356_0006_0043_0041_0041.jpg 1 6 43 41 41
0357_0025_0034_0046_0046.jpg 1 25 34 46 46
0358_0017_0042_0037_0037.jpg 1 17 42 37 37
0359_0008_0014_0069_0069.jpg 1 8 14 69 69
0360_0044_0010_0045_0045.jpg 1 44 10 45 45
0361_0011_0033_0055_0055.jpg 1 11 33 55 55
0362_0021_0013_0059_0059.jpg 1 21 13 59 59
0363_0043_0031_0035_0035.jpg 1 43 31 35 35
0364_0032_0030_0049_0049.jpg 1 32 30 49 49
0365_0010_0042_0036_0036.jpg 1 10 42 36 36
0366_0046_0029_0042_0042.jpg 1 46 29 42 42
0367_0035_0010_0032_0032.jpg 1 35 10 32 32
0368_0048_0007_0042_0042.jpg 1 48 7 42 42
0369_0012_0023_0068_0068.jpg 1 12 23 68 68
0370_0025_0009_0068_0068.jpg 1 25 9 68 68
0371_0026_0051_0038_0038.jpg 1 26 51 38 38
0372_0029_0041_0051_0051.jpg 1 29 41 51 51
0373_0019_0007_0045_0045.jpg 1 19 7 45 45
0374_0014_0013_0060_0060.jpg 1 14 13 60 60
0375_0009_0021_0061_0061.jpg 1 9 21 61 61
0376_0008_0008_0025_0025.jpg 1 8 8 25 25
0377_0011_0024_0061_0061.jpg 1 11 24 61 61
0378_0027_0061_0029_0029.jpg 1 27 61 29 29
0379_0020_0026_0064_0064.jpg 1 20 26 64 64
0380_0033_0040_0033_0033.jpg 1 33 40 33 33
0381_0014_0008_0055_0055.jpg 1 14 8 55 55
0382_0009_0012_0047_0047.jpg 1 9 12 47 47
0383_0016_0061_0030_0030.jpg 1 16 61 30 30
0384_0023_0005_0050_0050.jpg 1 23 5 50 50
0385_0011_0021_0067_0067.jpg 1 11 21 67 67
0386_0043_0012_0033_0033.jpg 1 43 12 33 33
0387_0006_0014_0067_0067.jpg 1 6 14 67 67
0388_0007_0022_0069_0069.jpg 1 7 22 69 69
0389_0028_0030_0063_0063.jpg 1 28 30 63 63
0390_0007_0021_0047_0047.jpg 1 7 21 47 47
0391_0008_0029_0062_0062.jpg 1 8 29 62 62
0392_0051_0020_0027_0027.jpg 1 51 20 27 27
0393_0040_0037_0048_0048.jpg 1 40 37 48 48
0394_0053_0035_0031_0031.jpg 1 53 35 31 31
0395_0019_0024_0063_0063.jpg 1 19 24 63 63
0396_0041_0034_0047_0047.jpg 1 41 34 47 47
0397_0040_0017_0038_0038.jpg 1 40 17 38 38
0398_0014_0016_0055_0055.jpg 1 14 16 55 55
0399_0020_0015_0069_0069.jpg 1 20 15 69 69
0400_0035_0045_0047_0047.jpg 1 35 45 47 47
0401_0059_0033_0030_0030.jpg 1 59 33 30 30
0402_0005_0009_0061_0061.jpg 1 5 9 61 61
0403_0017_0015_0044_0044.jpg 1 17 15 44 44
0404_0059_0043_0031_0031.jpg 1 59 43 31 31
0405_0012_0015_0063_0063.jpg 1 12 15 63 63
0406_0009_0020_0062_0062.jpg 1 9 20 62 62
0407_0064_0051_0028_0028.jpg 1 64 51 28 28
0408_0018_0025_0059_0059.jpg 1 18 25 59 59
0409_0018_0037_0057_0057.jpg 1 18 37 57 57
0410_0027_0009_0066_0066.jpg 1 27 9 66 66
0411_0017_0010_0064_0064.jpg 1 17 10 64 64
0412_0016_0020_0037_0037.jpg 1 16 20 37 37
0413_0036_0023_0054_0054.jpg 1 36 23 54 54
0414_0022_0033_0052_0052.jpg 1 22 33 52 52
0415_0016_0025_0027_0027.jpg 1 16 25 27 27
0416_0015_0039_0054_0054.jpg 1 15 39 54 54
0417_0038_0010_0054_0054.jpg 1 38 10 54 54
0418_0015_0058_0028_0028.jpg 1 15 58 28 28
0419_0007_0025_0059_0059.jpg 1 7 25 59 59
0420_0042_0021_0031_0031.jpg 1 42 21 31 31
0421_0029_0017_0036_0036.jpg 1 29 17 36 36
0422_0006_0036_0053_0053.jpg 1 6 36 53 53
0423_0007_0023_0032_0032.jpg 1 7 23 32 32
0424_0031_0022_0063_0063.jpg 1 31 22 63 63
0425_0032_0021_0058_0058.jpg 1 32 21 58 58
0426_0029_0022_0066_0066.jpg 1 29 22 66 66
0427_0059_0009_0028_0028.jpg 1 59 9 28 28
0428_0019_0016_0065_0065.jpg 1 19 16 65 65
0429_0035_0036_0054_0054.jpg 1 35 36 54 54
0430_0015_0042_0043_0043.jpg 1 15 42 43 43
0431_0016_0044_0031_0031.jpg 1 16 44 31 31
0432_0011_0019_0068_0068.jpg 1 11 19 68 68
0433_0029_0022_0030_0030.jpg 1 29 22 30 30
0434_0023_0009_0062_0062.jpg 1 23 9 62 62
0435_0024_0035_0038_0038.jpg 1 24 35 38 38
0436_0025_0039_0051_0051.jpg 1 25 39 51 51
0437_0038_0030_0036_0036.jpg 1 38 30 36 36
0438_0027_0046_0040_0040.jpg 1 27 46 40 40
0439_0010_0061_0029_0029.jpg 1 10 61 29 29
0440_0033_0008_0048_0048.jpg 1 33 8 48 48
0441_0029_0015_0045_0045.jpg 1 29 15 45 45
0442_0058_0015_0032_0032.jpg 1 58 15 32 32
0443_0048_0016_0033_0033.jpg 1 48 16 33 33
0444_0029_0044_0032_0032.jpg 1 29 44 32 32
0445_0007_0024_0063_0063.jpg 1 7 24 63 63
0446_0023_0013_0059_0059.jpg 1 23 13 59 59
0447_0038_0017_0050_0050.jpg 1 38 17 50 50
0448_0015_0008_0066_0066.jpg 1 15 8 66 66
0449_0006_0035_0055_0055.jpg 1 6 35 55 55
0450_0045_0032_0036_0036.jpg 1 45 32 36 36
0451_0021_0029_0024_0024.jpg 1 21 29 24 24
0452_0020_0015_0048_0048.jpg 1 20 15 48 48
0453_0025_0036_0053_0053.jpg 1 25 36 53 53
0454_0024_0022_0063_0063.jpg 1 24 22 63 63
0455_0026_0034_0045_0045.jpg 1 26 34 45 45
0456_0025_0020_0047_0047.jpg 1 25 20 47 47
0457_0028_0024_0035_0035.jpg 1 28 24 35 35
0458_0023_0023_0034_0034.jpg 1 23 23 34 34
0459_0032_0019_0041_0041.jpg 1 32 19 41 41
0460_0040_0006_0044_0044.jpg 1 40 6 44 44
0461_0048_0054_0034_0034.jpg 1 48 54 34 34
0462_0008_0020_0060_0060.jpg 1 8 20 60 60
0463_0049_0033_0029_0029.jpg 1 49 33 29 29
0464_0039_0013_0045_0045.jpg 1 39 13 45 45
0465_0003_0015_0066_0066.jpg 1 3 15 66 66
0466_0014_0050_0032_0032.jpg 1 14 50 32 32
0467_0027_0046_0038_0038.jpg 1 27 46 38 38
0468_0019_0030_0050_0050.jpg 1 19 30 50 50
0469_0025_0024_0052_0052.jpg 1 25 24 52 52
0470_0029_0035_0050_0050.jpg 1 29 35 50 50
0471_0013_0052_0036_0036.jpg 1 13 52 36 36
0472_0020_0012_0069_0069.jpg 1 20 12 69 69
0473_0026_0021_0067_0067.jpg 1 26 21 67 67
0474_0008_0028_0027_0027.jpg 1 8 28 27 27
0475_0018_0029_0036_0036.jpg 1 18 29 36 36
0476_0010_0042_0048_0048.jpg 1 10 42 48 48
0477_0023_0055_0035_0035.jpg 1 23 55 35 35
0478_0061_0025_0030_0030.jpg 1 61 25 30 30
0479_0063_0054_0027_0027.jpg 1 63 54 27 27
0480_0061_0052_0027_0027.jpg 1 61 52 27 27
0481_0027_0006_0067_0067.jpg 1 27 6 67 67
0482_0003_0019_0062_0062.jpg 1 3 19 62 62
0483_0017_0025_0029_0029.jpg 1 17 25 29 29
0484_0013_0028_0061_0061.jpg 1 13 28 61 61
0485_0013_0006_0066_0066.jpg 1 13 6 66 66
0486_0028_0021_0040_0040.jpg 1 28 21 40 40
0487_0026_0046_0027_0027.jpg 1 26 46 27 27
0488_0014_0021_0055_0055.jpg 1 14 21 55 55
0489_0025_0017_0066_0066.jpg 1 25 17 66 66
0490_0030_0057_0035_0035.jpg 1 30 57 35 35
0491_0021_0021_0028_0028.jpg 1 21 21 28 28
0492_0019_0016_0060_0060.jpg 1 19 16 60 60
0493_0024_0022_0065_0065.jpg 1 24 22 65 65
0494_0018_0003_0068_0068.jpg 1 18 3 68 68
0495_0011_0037_0035_0035.jpg 1 11 37 35 35
0496_0005_0026_0055_0055.jpg 1 5 26 55 55
0497_0052_0021_0040_0040.jpg 1 52 21 40 40
0498_0008_0042_0025_0025.jpg 1 8 42 25 25
0499_0009_0024_0064_0064.jpg 1 9 24 64 64
0500_0018_0034_0060_0060.jpg 1 18 34 60 60
0501_0013_0030_0061_0061.jpg 1 13 30 61 61
0502_0009_0037_0052_0052.jpg 1 9 37 52 52
0503_0027_0013_0068_0068.jpg 1 27 13 68 68
0504_0021_0020_0061_0061.jpg 1 21 20 61 61
0505_0043_0044_0027_0027.jpg 1 43 44 27 27
0506_0023_0015_0059_0059.jpg 1 23 15 59 59
0507_0029_0039_0048_0048.jpg 1 29 39 48 48
0508_0026_0064_0025_0025.jpg 1 26 64 25 25
0509_0026_0023_0056_0056.jpg 1 26 23 56 56
0510_0006_0014_0065_0065.jpg 1 6 14 65 65
0511_0009_0017_0069_0069.jpg 1 9 17 69 69
0512_0027_0030_0058_0058.jpg 1 27 30 58 58
0513_0045_0015_0038_0038.jpg 1 45 15 38 38
0514_0029_0034_0024_0024.jpg 1 29 34 24 24
0515_0035_0019_0047_0047.jpg 1 35 19 47 47
0516_0023_0039_0053_0053.jpg 1 23 39 53 53
0517_0015_0027_0025_0025.jpg 1 15 27 25 25
0518_0051_0028_0036_0036.jpg 1 51 28 36 36
0519_0017_0011_0045_0045.jpg 1 17 11 45 45
0520_0030_0064_0027_0027.jpg 1 30 64 27 27
0521_0011_0015_0058_0058.jpg 1 11 15 58 58
0522_0052_0017_0031_0031.jpg 1 52 17 31 31
0523_0028_0029_0057_0057.jpg 1 28 29 57 57
0524_0029_0028_0052_0052.jpg 1 29 28 52 52
0525_0041_0021_0053_0053.jpg 1 41 21 53 53
0526_0009_0054_0028_0028.jpg 1 9 54 28 28
0527_0008_0062_0025_0025.jpg 1 8 62 25 25
0528_0008_0056_0035_0035.jpg 1 8 56 35 35
0529_0029_0014_0043_0043.jpg 1 29 14 43 43
0530_0034_0007_0050_0050.jpg 1 34 7 50 50
0531_0024_0008_0044_0044.jpg 1 24 8 44 44
0532_0023_0029_0065_0065.jpg 1 23 29 65 65
0533_0008_0028_0060_0060.jpg 1 8 28 60 60
0534_0023_0027_0055_0055.jpg 1 23 27 55 55
0535_0012_0016_0053_0053.jpg 1 12 16 53 53
0536_0011_0028_0055_0055.jpg 1 11 28 55 55
0537_0004_0017_0060_0060.jpg 1 4 17 60 60
0538_0011_0035_0044_0044.jpg 1 11 35 44 44
0539_0032_0009_0041_0041.jpg 1 32 9 41 41
0540_0052_0048_0040_0040.jpg 1 52 48 40 40
0541_0024_0050_0032_0032.jpg 1 24 50 32 32
0542_0031_0010_0033_0033.jpg 1 31 10 33 33
0543_0019_0017_0057_0057.jpg 1 19 17 57 57
0544_0031_0013_0053_0053.jpg 1 31 13 53 53
0545_0032_0017_0059_0059.jpg 1 32 17 59 59
0546_0011_0024_0068_0068.jpg 1 11 24 68 68
0547_0026_0013_0051_0051.jpg 1 26 13 51 51
0548_0036_0030_0055_0055.jpg 1 36 30 55 55
0549_0006_0026_0063_0063.jpg 1 6 26 63 63
0550_0016_0021_0059_0059.jpg 1 16 21 59 59
0551_0011_0060_0026_0026.jpg 1 11 60 26 26
0552_0044_0053_0039_0039.jpg 1 44 53 39 39
0553_0041_0010_0051_0051.jpg 1 41 10 51 51
0554_0059_0035_0030_0030.jpg 1 59 35 30 30
0555_0028_0023_0053_0053.jpg 1 28 23 53 53
0556_0016_0035_0050_0050.jpg 1 16 35 50 50
0557_0040_0032_0039_0039.jpg 1 40 32 39 39
0558_0050_0029_0041_0041.jpg 1 50 29 41 41
0559_0009_0009_0063_0063.jpg 1 9 9 63 63
0560_0027_0011_0064_0064.jpg 1 27 11 64 64
0561_0026_0011_0069_0069.jpg 1 26 11 69 69
0562_0024_0023_0068_0068.jpg 1 24 23 68 68
0563_0043_0035_0043_0043.jpg 1 43 35 43 43
0564_0014_0027_0050_0050.jpg 1 14 27 50 50
0565_0016_0030_0045_0045.jpg 1 16 30 45 45
0566_0009_0021_0067_0067.jpg 1 9 21 67 67
0567_0028_0016_0057_0057.jpg 1 28 16 57 57
0568_0035_0046_0036_0036.jpg 1 35 46 36 36
0569_0027_0025_0025_0025.jpg 1 27 25 25 25
0570_0014_0051_0036_0036.jpg 1 14 51 36 36
0571_0053_0009_0034_0034.jpg 1 53 9 34 34
0572_0011_0049_0030_0030.jpg 1 11 49 30 30
0573_0029_0006_0051_0051.jpg 1 29 6 51 51
0574_0034_0052_0035_0035.jpg 1 34 52 35 35
0575_0014_0007_0057_0057.jpg 1 14 7 57 57
0576_0005_0015_0043_0043.jpg 1 5 15 43 43
0577_0027_0008_0033_0033.jpg 1 27 8 33 33
0578_0015_0012_0062_0062.jpg 1 15 12 62 62
0579_0017_0026_0061_0061.jpg 1 17 26 61 61
0580_0022_0011_0054_0054.jpg 1 22 11 54 54
0581_0027_0042_0040_0040.jpg 1 27 42 40 40
0582_0033_0016_0026_0026.jpg 1 33 16 26 26
0583_0028_0043_0035_0035.jpg 1 28 43 35 35
0584_0029_0033_0031_0031.jpg 1 29 33 31 31
0585_0011_0014_0043_0043.jpg 1 11 14 43 43
0586_0017_0029_0040_0040.jpg 1 17 29 40 40
0587_0046_0025_0037_0037.jpg 1 46 25 37 37
0588_0022_0046_0041_0041.jpg 1 22 46 41 41
0589_0007_0009_0066_0066.jpg 1 7 9 66 66
0590_0023_0017_0069_0069.jpg 1 23 17 69 69
0591_0027_0020_0030_0030.jpg 1 27 20 30 30
0592_0025_0040_0034_0034.jpg 1 25 40 34 34
0593_0031_0010_0024_0024.jpg 1 31 10 24 24
0594_0039_0019_0041_0041.jpg 1 39 19 41 41
0595_0013_0023_0033_0033.jpg 1 13 23 33 33
0596_0044_0044_0046_0046.jpg 1 44 44 46 46
0597_0033_0021_0060_0060.jpg 1 33 21 60 60
0598_0037_0026_0049_0049.jpg 1 37 26 49 49
0599_0009_0019_0053_0053.jpg 1 9 19 53 53
0600_0042_0055_0035_0035.jpg 1 42 55 35 35
0601_0031_0025_0055_0055.jpg 1 31 25 55 55
0602_0011_0029_0043_0043.jpg 1 11 29 43 43
0603_0018_0028_0047_0047.jpg 1 18 28 47 47
0604_0042_0041_0028_0028.jpg 1 42 41 28 28
0605_0026_0018_0063_0063.jpg 1 26 18 63 63
0606_0050_0027_0033_0033.jpg 1 50 27 33 33
0607_0028_0025_0042_0042.jpg 1 28 25 42 42
0608_0022_0028_0058_0058.jpg 1 22 28 58 58
0609_0029_0022_0048_0048.jpg 1 29 22 48 48
0610_0003_0011_0062_0062.jpg 1 3 11 62 62
0611_0008_0034_0049_0049.jpg 1 8 34 49 49
0612_0020_0029_0032_0032.jpg 1 20 29 32 32
0613_0025_0030_0045_0045.jpg 1 25 30 45 45
0614_0036_0048_0037_0037.jpg 1 36 48 37 37
0615_0009_0022_0045_0045.jpg 1 9 22 45 45
0616_0022_0035_0033_0033.jpg 1 22 35 33 33
0617_0011_0050_0030_0030.jpg 1 11 50 30 30
0618_0009_0020_0068_0068.jpg 1 9 20 68 68
0619_0060_0015_0028_0028.jpg 1 60 15 28 28
0620_0036_0040_0054_0054.jpg 1 36 40 54 54
0621_0032_0045_0039_0039.jpg 1 32 45 39 39
0622_0014_0044_0027_0027.jpg 1 14 44 27 27
0623_0020_0048_0038_0038.jpg 1 20 48 38 38
0624_0019_0005_0068_0068.jpg 1 19 5 68 68
0625_0012_0035_0042_0042.jpg 1 12 35 42 42
0626_0026_0006_0069_0069.jpg 1 26 6 69 69
0627_0010_0047_0036_0036.jpg 1 10 47 36 36
0628_0043_0006_0039_0039.jpg 1 43 6 39 39
0629_0017_0041_0053_0053.jpg 1 17 41 53 53
0630_0027_0029_0056_0056.jpg 1 27 29 56 56
0631_0010_0009_0060_0060.jpg 1 10 9 60 60
0632_0035_0015_0036_0036.jpg 1 35 15 36 36
0633_0023_0024_0055_0055.jpg 1 23 24 55 55
0634_0037_0016_0026_0026.jpg 1 37 16 26 26
0635_0025_0015_0055_0055.jpg 1 25 15 55 55
0636_0019_0016_0065_0065.jpg 1 19 16 65 65
0637_0032_0018_0064_0064.jpg 1 32 18 64 64
0638_0047_0013_0034_0034.jpg 1 47 13 34 34
0639_0052_0020_0031_0031.jpg 1 52 20 31 31
0640_0021_0047_0038_0038.jpg 1 21 47 38 38
0641_0029_0032_0056_0056.jpg 1 29 32 56 56
0642_0045_0028_0029_0029.jpg 1 45 28 29 29
0643_0020_0054_0036_0036.jpg 1 20 54 36 36
0644_0007_0014_0069_0069.jpg 1 7 14 69 69
0645_0028_0035_0026_0026.jpg 1 28 35 26 26
0646_0015_0010_0053_0053.jpg 1 15 10 53 53
0647_0052_0046_0030_0030.jpg 1 52 46 30 30
0648_0028_0018_0030_0030.jpg 1 28 18 30 30
0649_0004_0012_0054_0054.jpg 1 4 12 54 54
0650_0029_0041_0031_0031.jpg 1 29 41 31 31
0651_0038_0033_0044_0044.jpg 1 38 33 44 44
0652_0050_0014_0029_0029.jpg 1 50 14 29 29
0653_0011_0030_0046_0046.jpg 1 11 30 46 46
0654_0014_0009_0061_0061.jpg 1 14 9 61 61
0655_0025_0030_0060_0060.jpg 1 25 30 60 60
0656_0025_0025_0058_0058.jpg 1 25 25 58 58
0657_0033_0031_0027_0027.jpg 1 33 31 27 27
0658_0026_0025_0069_0069.jpg 1 26 25 69 69
0659_0031_0065_0024_0024.jpg 1 31 65 24 24
0660_0029_0036_0058_0058.jpg 1 29 36 58 58
0661_0023_0008_0067_0067.jpg 1 23 8 67 67
0662_0018_0036_0049_0049.jpg 1 18 36 49 49
0663_0033_0024_0051_0051.jpg 1 33 24 51 51
0664_0016_0040_0025_0025.jpg 1 16 40 25 25
0665_0027_0017_0067_0067.jpg 1 27 17 67 67
0666_0046_0020_0039_0039.jpg 1 46 20 39 39
0667_0029_0016_0029_0029.jpg 1 29 16 29 29
0668_0057_0030_0032_0032.jpg 1 57 30 32 32
0669_0024_0019_0052_0052.jpg 1 24 19 52 52
0670_0043_0032_0047_0047.jpg 1 43 32 47 47
0671_0048_0018_0045_0045.jpg 1 48 18 45 45
0672_0013_0023_0058_0058.jpg 1 13 23 58 58
0673_0004_0023_0053_0053.jpg 1 4 23 53 53
0674_0030_0007_0063_0063.jpg 1 30 7 63 63
0675_0038_0015_0041_0041.jpg 1 38 15 41 41
0676_0013_0015_0055_0055.jpg 1 13 15 55 55
0677_0029_0055_0027_0027.jpg 1 29 55 27 27
0678_0008_0038_0037_0037.jpg 1 8 38 37 37
0679_0014_0021_0056_0056.jpg 1 14 21 56 56
0680_0030_0025_0053_0053.jpg 1 30 25 53 53
0681_0007_0026_0065_0065.jpg 1 7 26 65 65
0682_0020_0057_0028_0028.jpg 1 20 57 28 28
0683_0034_0021_0061_0061.jpg 1 34 21 61 61
0684_0008_0023_0042_0042.jpg 1 8 23 42 42
0685_0014_0049_0037_0037.jpg 1 14 49 37 37
0686_0051_0042_0042_0042.jpg 1 51 42 42 42
0687_0025_0064_0024_0024.jpg 1 25 64 24 24
0688_0023_0024_0036_0036.jpg 1 23 24 36 36
0689_0016_0019_0068_0068.jpg 1 16 19 68 68
0690_0015_0008_0047_0047.jpg 1 15 8 47 47
0691_0029_0019_0062_0062.jpg 1 29 19 62 62
0692_0048_0039_0042_0042.jpg 1 48 39 42 42
0693_0021_0022_0054_0054.jpg 1 21 22 54 54
0694_0019_0021_0036_0036.jpg 1 19 21 36 36
0695_0021_0012_0046_0046.jpg 1 21 12 46 46
0696_0030_0011_0032_0032.jpg 1 30 11 32 32
0697_0011_0043_0042_0042.jpg 1 11 43 42 42
0698_0029_0028_0045_0045.jpg 1 29 28 45 45
0699_0033_0054_0035_0035.jpg 1 33 54 35 35
0700_0029_0023_0053_0053.jpg 1 29 23 53 53
0701_0017_0013_0069_0069.jpg 1 17 13 69 69
0702_0043_0033_0032_0032.jpg 1 43 33 32 32
0703_0029_0019_0056_0056.jpg 1 29 19 56 56
0704_0018_0005_0059_0059.jpg 1 18 5 59 59
0705_0042_0050_0034_0034.jpg 1 42 50 34 34
0706_0013_0012_0034_0034.jpg 1 13 12 34 34
0707_0010_0021_0037_0037.jpg 1 10 21 37 37
0708_0014_0003_0069_0069.jpg 1 14 3 69 69
0709_0039_0045_0044_0044.jpg 1 39 45 44 44
0710_0020_0045_0041_0041.jpg 1 20 45 41 41
0711_0016_0026_0049_0049.jpg 1 16 26 49 49
0712_0015_0032_0041_0041.jpg 1 15 32 41 41
0713_0026_0030_0061_0061.jpg 1 26 30 61 61
0714_0008_0027_0068_0068.jpg 1 8 27 68 68
0715_0021_0037_0050_0050.jpg 1 21 37 50 50
0716_0046_0049_0033_0033.jpg 1 46 49 33 33
0717_0035_0037_0055_0055.jpg 1 35 37 55 55
0718_0015_0003_0069_0069.jpg 1 15 3 69 69
0719_0045_0052_0041_0041.jpg 1 45 52 41 41
0720_0046_0021_0033_0033.jpg 1 46 21 33 33
0721_0018_0018_0069_0069.jpg 1 18 18 69 69
0722_0014_0012_0058_0058.jpg 1 14 12 58 58
0723_0013_0025_0032_0032.jpg 1 13 25 32 32
0724_0019_0033_0024_0024.jpg 1 19 33 24 24
0725_0025_0010_0055_0055.jpg 1 25 10 55 55
0726_0065_0056_0025_0025.jpg 1 65 56 25 25
0727_0028_0003_0065_0065.jpg 1 28 3 65 65
0728_0023_0045_0043_0043.jpg 1 23 45 43 43
0729_0012_0020_0069_0069.jpg 1 12 20 69 69
0730_0011_0018_0051_0051.jpg 1 11 18 51 51
0731_0033_0020_0047_0047.jpg 1 33 20 47 47
0732_0024_0023_0067_0067.jpg 1 24 23 67 67
0733_0016_0028_0064_0064.jpg 1 16 28 64 64
0734_0031_0014_0045_0045.jpg 1 31 14 45 45
0735_0043_0025_0038_0038.jpg 1 43 25 38 38
0736_0055_0019_0026_0026.jpg 1 55 19 26 26
0737_0050_0009_0042_0042.jpg 1 50 9 42 42
0738_0047_0046_0041_0041.jpg 1 47 46 41 41
0739_0014_0007_0043_0043.jpg 1 14 7 43 43
0740_0037_0033_0049_0049.jpg 1 37 33 49 49
0741_0048_0062_0028_0028.jpg 1 48 62 28 28
0742_0039_0024_0029_0029.jpg 1 39 24 29 29
0743_0036_0041_0029_0029.jpg 1 36 41 29 29
0744_0060_0028_0025_0025.jpg 1 60 28 25 25
0745_0056_0037_0037_0037.jpg 1 56 37 37 37
0746_0026_0015_0065_0065.jpg 1 26 15 65 65
0747_0046_0015_0032_0032.jpg 1 46 15 32 32
0748_0049_0027_0032_0032.jpg 1 49 27 32 32
0749_0022_0008_0050_0050.jpg 1 22 8 50 50
0750_0018_0016_0058_0058.jpg 1 18 16 58 58
0751_0009_0046_0038_0038.jpg 1 9 46 38 38
0752_0048_0031_0034_0034.jpg 1 48 31 34 34
0753_0061_0048_0027_0027.jpg 1 61 48 27 27
0754_0021_0030_0064_0064.jpg 1 21 30 64 64
0755_0005_0014_0045_0045.jpg 1 5 14 45 45
0756_0037_0011_0033_0033.jpg 1 37 11 33 33
0757_0014_0015_0067_0067.jpg 1 14 15 67 67
0758_0062_0059_0025_0025.jpg 1 62 59 25 25
0759_0008_0047_0035_0035.jpg 1 8 47 35 35
0760_0007_0047_0042_0042.jpg 1 7 47 42 42
0761_0042_0021_0051_0051.jpg 1 42 21 51 51
0762_0007_0013_0065_0065.jpg 1 7 13 65 65
0763_0034_0020_0038_0038.jpg 1 34 20 38 38
0764_0012_0010_0059_0059.jpg 1 12 10 59 59
0765_0023_0008_0035_0035.jpg 1 23 8 35 35
0766_0010_0019_0047_0047.jpg 1 10 19 47 47
0767_0034_0039_0056_0056.jpg 1 34 39 56 56
0768_0023_0015_0034_0034.jpg 1 23 15 34 34
0769_0013_0037_0029_0029.jpg 1 13 37 29 29
0770_0032_0042_0047_0047.jpg 1 32 42 47 47
0771_0046_0017_0034_0034.jpg 1 46 17 34 34
0772_0021_0027_0025_0025.jpg 1 21 27 25 25
0773_0016_0012_0067_0067.jpg 1 16 12 67 67
0774_0016_0025_0054_0054.jpg 1 16 25 54 54
0775_0026_0020_0062_0062.jpg 1 26 20 62 62
0776_0044_0054_0035_0035.jpg 1 44 54 35 35
0777_0015_0027_0036_0036.jpg 1 15 27 36 36
0778_0038_0054_0029_0029.jpg 1 38 54 29 29
0779_0047_0029_0026_0026.jpg 1 47 29 26 26
0780_0018_0020_0025_0025.jpg 1 18 20 25 25
0781_0008_0021_0064_0064.jpg 1 8 21 64 64
0782_0009_0015_0064_0064.jpg 1 9 15 64 64
0783_0042_0014_0036_0036.jpg 1 42 14 36 36
0784_0016_0027_0069_0069.jpg 1 16 27 69 69
0785_0046_0014_0030_0030.jpg 1 46 14 30 30
0786_0046_0048_0026_0026.jpg 1 46 48 26 26
0787_0017_0057_0029_0029.jpg 1 17 57 29 29
0788_0006_0031_0054_0054.jpg 1 6 31 54 54
0789_0017_0042_0039_0039.jpg 1 17 42 39 39
0790_0033_0050_0043_0043.jpg 1 33 50 43 43
0791_0016_0011_0067_0067.jpg 1 16 11 67 67
0792_0014_0012_0060_0060.jpg 1 14 12 60 60
0793_0010_0026_0032_0032.jpg 1 10 26 32 32
0794_0044_0007_0050_0050.jpg 1 44 7 50 50
0795_0063_0035_0028_0028.jpg 1 63 35 28 28
0796_0006_0033_0060_0060.jpg 1 6 33 60 60
0797_0014_0009_0069_0069.jpg 1 14 9 69 69
0798_0037_0024_0046_0046.jpg 1 37 24 46 46
0799_0042_0008_0037_0037.jpg 1 42 8 37 37
0800_0003_0027_0069_0069.jpg 1 3 27 69 69
0801_0025_0032_0035_0035.jpg 1 25 32 35 35
0802_0031_0028_0060_0060.jpg 1 31 28 60 60
0803_0036_0041_0028_0028.jpg 1 36 41 28 28
0804_0049_0007_0030_0030.jpg 1 49 7 30 30
0805_0013_0013_0065_0065.jpg 1 13 13 65 65
0806_0010_0017_0032_0032.jpg 1 10 17 32 32
0807_0045_0012_0029_0029.jpg 1 45 12 29 29
0808_0028_0015_0058_0058.jpg 1 28 15 58 58
0809_0023_0025_0054_0054.jpg 1 23 25 54 54
0810_0032_0028_0059_0059.jpg 1 32 28 59 59
0811_0043_0015_0051_0051.jpg 1 43 15 51 51
0812_0048_0021_0041_0041.jpg 1 48 21 41 41
0813_0014_0039_0049_0049.jpg 1 14 39 49 49
0814_0018_0036_0047_0047.jpg 1 18 36 47 47
0815_0023_0037_0052_0052.jpg 1 23 37 52 52
0816_0055_0052_0031_0031.jpg 1 55 52 31 31
0817_0019_0018_0028_0028.jpg 1 19 18 28 28
0818_0045_0009_0045_0045.jpg 1 45 9 45 45
0819_0022_0012_0049_0049.jpg 1 22 12 49 49
0820_0042_0032_0027_0027.jpg 1 42 32 27 27
0821_0009_0012_0062_0062.jpg 1 9 12 62 62
0822_0030_0041_0040_0040.jpg 1 30 41 40 40
0823_0009_0022_0043_0043.jpg 1 9 22 43 43
0824_0019_0006_0037_0037.jpg 1 19 6 37 37
0825_0040_0034_0052_0052.jpg 1 40 34 52 52
0826_0009_0005_0058_0058.jpg 1 9 5 58 58
0827_0038_0045_0036_0036.jpg 1 38 45 36 36
0828_0011_0039_0054_0054.jpg 1 11 39 54 54
0829_0010_0055_0026_0026.jpg 1 10 55 26 26
0830_0043_0007_0050_0050.jpg 1 43 7 50 50
0831_0009_0019_0048_0048.jpg 1 9 19 48 48
0832_0056_0046_0024_0024.jpg 1 56 46 24 24
0833_0034_0012_0059_0059.jpg 1 34 12 59 59
0834_0007_0008_0041_0041.jpg 1 7 8 41 41
0835_0013_0006_0044_0044.jpg 1 13 6 44 44
0836_0019_0036_0048_0048.jpg 1 19 36 48 48
0837_0017_0010_0065_0065.jpg 1 17 10 65 65
0838_0011_0025_0062_0062.jpg 1 11 25 62 62
0839_0008_0010_0042_0042.jpg 1 8 10 42 42
0840_0053_0043_0030_0030.jpg 1 53 43 30 30
0841_0016_0020_0042_0042.jpg 1 16 20 42 42
0842_0023_0048_0025_0025.jpg 1 23 48 25 25
0843_0027_0039_0035_0035.jpg 1 27 39 35 35
0844_0028_0024_0067_0067.jpg 1 28 24 67 67
0845_0045_0007_0046_0046.jpg 1 45 7 46 46
0846_0012_0029_0061_0061.jpg 1 12 29 61 61
0847_0008_0025_0062_0062.jpg 1 8 25 62 62
0848_0044_0008_0044_0044.jpg 1 44 8 44 44
0849_0022_0010_0064_0064.jpg 1 22 10 64 64
0850_0050_0038_0037_0037.jpg 1 50 38 37 37
0851_0031_0056_0033_0033.jpg 1 31 56 33 33
0852_0019_0019_0028_0028.jpg 1 19 19 28 28
0853_0033_0024_0038_0038.jpg 1 33 24 38 38
0854_0014_0047_0025_0025.jpg 1 14 47 25 25
0855_0033_0051_0028_0028.jpg 1 33 51 28 28
0856_0038_0011_0048_0048.jpg 1 38 11 48 48
0857_0026_0031_0064_0064.jpg 1 26 31 64 64
0858_0010_0035_0053_0053.jpg 1 10 35 53 53
0859_0019_0054_0035_0035.jpg 1 19 54 35 35
0860_0045_0027_0026_0026.jpg 1 45 27 26 26
0861_0024_0054_0039_0039.jpg 1 24 54 39 39
0862_0010_0024_0066_0066.jpg 1 10 24 66 66
0863_0027_0024_0061_0061.jpg 1 27 24 61 61
0864_0022_0009_0067_0067.jpg 1 22 9 67 67
0865_0007_0010_0049_0049.jpg 1 7 10 49 49
0866_0034_0017_0045_0045.jpg 1 34 17 45 45
0867_0021_0013_0057_0057.jpg 1 21 13 57 57
0868_0032_0021_0063_0063.jpg 1 32 21 63 63
0869_0008_0013_0063_0063.jpg 1 8 13 63 63
0870_0016_0024_0062_0062.jpg 1 16 24 62 62
0871_0043_0027_0027_0027.jpg 1 43 27 27 27
0872_0010_0055_0031_0031.jpg 1 10 55 31 31
0873_0031_0006_0042_0042.jpg 1 31 6 42 42
0874_0021_0018_0027_0027.jpg 1 21 18 27 27
0875_0035_0017_0043_0043.jpg 1 35 17 43 43
0876_0019_0035_0040_0040.jpg 1 19 35 40 40
0877_0022_0025_0051_0051.jpg 1 22 25 51 51
0878_0039_0021_0024_0024.jpg 1 39 21 24 24
0879_0028_0029_0037_0037.jpg 1 28 29 37 37
0880_0026_0038_0046_0046.jpg 1 26 38 46 46
0881_0018_0029_0042_0042.jpg 1 18 29 42 42
0882_0006_0038_0054_0054.jpg 1 6 38 54 54
0883_0049_0044_0045_0045.jpg 1 49 44 45 45
0884_0046_0012_0042_0042.jpg 1 46 12 42 42
0885_0024_0014_0057_0057.jpg 1 24 14 57 57
0886_0039_0017_0052_0052.jpg 1 39 17 52 52
0887_0023_0020_0041_0041.jpg 1 23 20 41 41
0888_0058_0046_0033_0033.jpg 1 58 46 33 33
0889_0030_0010_0063_0063.jpg 1 30 10 63 63
0890_0028_0051_0041_0041.jpg 1 28 51 41 41
0891_0030_0038_0045_0045.jpg 1 30 38 45 45
0892_0017_0009_0055_0055.jpg 1 17 9 55 55
0893_0025_0006_0059_0059.jpg 1 25 6 59 59
0894_0008_0006_0057_0057.jpg 1 8 6 57 57
0895_0019_0038_0050_0050.jpg 1 19 38 50 50
0896_0037_0039_0047_0047.jpg 1 37 39 47 47
0897_0045_0022_0048_0048.jpg 1 45 22 48 48
0898_0018_0060_0032_0032.jpg 1 18 60 32 32
0899_0015_0012_0040_0040.jpg 1 15 12 40 40
0900_0024_0023_0061_0061.jpg 1 24 23 61 61
0901_0025_0038_0055_0055.jpg 1 25 38 55 55
0902_0054_0038_0038_0038.jpg 1 54 38 38 38
0903_0008_0030_0050_0050.jpg 1 8 30 50 50
0904_0023_0010_0043_0043.jpg 1 23 10 43 43
0905_0034_0041_0051_0051.jpg 1 34 41 51 51
0906_0023_0056_0026_0026.jpg 1 23 56 26 26
0907_0024_0045_0048_0048.jpg 1 24 45 48 48
0908_0050_0048_0039_0039.jpg 1 50 48 39 39
0909_0004_0021_0062_0062.jpg 1 4 21 62 62
0910_0037_0035_0034_0034.jpg 1 37 35 34 34
0911_0009_0049_0044_0044.jpg 1 9 49 44 44
0912_0020_0028_0068_0068.jpg 1 20 28 68 68
0913_0016_0018_0050_0050.jpg 1 16 18 50 50
0914_0031_0018_0060_0060.jpg 1 31 18 60 60
0915_0029_0031_0060_0060.jpg 1 29 31 60 60
0916_0025_0014_0054_0054.jpg 1 25 14 54 54
0917_0015_0013_0068_0068.jpg 1 15 13 68 68
0918_0025_0018_0037_0037.jpg 1 25 18 37 37
0919_0025_0031_0056_0056.jpg 1 25 31 56 56
0920_0051_0059_0024_0024.jpg 1 51 59 24 24
0921_0026_0043_0045_0045.jpg 1 26 43 45 45
0922_0038_0061_0031_0031.jpg 1 38 61 31 31
0923_0022_0008_0039_0039.jpg 1 22 8 39 39
0924_0028_0027_0031_0031.jpg 1 28 27 31 31
0925_0012_0027_0036_0036.jpg 1 12 27 36 36
0926_0007_0034_0031_0031.jpg 1 7 34 31 31
0927_0043_0039_0034_0034.jpg 1 43 39 34 34
0928_0048_0025_0039_0039.jpg 1 48 25 39 39
0929_0039_0018_0053_0053.jpg 1 39 18 53 53
0930_0010_0028_0059_0059.jpg 1 10 28 59 59
0931_0005_0018_0057_0057.jpg 1 5 18 57 57
0932_0028_0058_0026_0026.jpg 1 28 58 26 26
0933_0006_0022_0038_0038.jpg 1 6 22 38 38
0934_0025_0013_0044_0044.jpg 1 25 13 44 44
0935_0016_0041_0039_0039.jpg 1 16 41 39 39
0936_0035_0018_0053_0053.jpg 1 35 18 53 53
0937_0004_0014_0064_0064.jpg 1 4 14 64 64
0938_0051_0014_0032_0032.jpg 1 51 14 32 32
0939_0043_0040_0025_0025.jpg 1 43 40 25 25
0940_0039_0031_0047_0047.jpg 1 39 31 47 47
0941_0060_0035_0028_0028.jpg 1 60 35 28 28
0942_0039_0014_0054_0054.jpg 1 39 14 54 54
0943_0032_0004_0056_0056.jpg 1 32 4 56 56
0944_0023_0034_0049_0049.jpg 1 23 34 49 49
0945_0052_0006_0040_0040.jpg 1 52 6 40 40
0946_0029_0027_0063_0063.jpg 1 29 27 63 63
0947_0027_0030_0051_0051.jpg 1 27 30 51 51
0948_0016_0030_0049_0049.jpg 1 16 30 49 49
0949_0014_0025_0069_0069.jpg 1 14 25 69 69
0950_0060_0059_0033_0033.jpg 1 60 59 33 33
0951_0039_0046_0047_0047.jpg 1 39 46 47 47
0952_0006_0026_0049_0049.jpg 1 6 26 49 49
0953_0032_0011_0054_0054.jpg 1 32 11 54 54
0954_0060_0033_0030_0030.jpg 1 60 33 30 30
0955_0019_0036_0037_0037.jpg 1 19 36 37 37
0956_0042_0012_0032_0032.jpg 1 42 12 32 32
0957_0004_0011_0060_0060.jpg 1 4 11 60 60
0958_0026_0036_0041_0041.jpg 1 26 36 41 41
0959_0032_0051_0033_0033.jpg 1 32 51 33 33
0960_0010_0009_0028_0028.jpg 1 10 9 28 28
0961_0007_0014_0061_0061.jpg 1 7 14 61 61
0962_0009_0009_0039_0039.jpg 1 9 9 39 39
0963_0041_0052_0038_0038.jpg 1 41 52 38 38
0964_0010_0024_0036_0036.jpg 1 10 24 36 36
0965_0028_0033_0055_0055.jpg 1 28 33 55 55
0966_0020_0040_0043_0043.jpg 1 20 40 43 43
0967_0028_0019_0059_0059.jpg 1 28 19 59 59
0968_0018_0036_0045_0045.jpg 1 18 36 45 45
0969_0039_0039_0033_0033.jpg 1 39 39 33 33
0970_0021_0032_0050_0050.jpg 1 21 32 50 50
0971_0045_0046_0037_0037.jpg 1 45 46 37 37
0972_0043_0039_0050_0050.jpg 1 43 39 50 50
0973_0024_0034_0038_0038.jpg 1 24 34 38 38
0974_0007_0048_0045_0045.jpg 1 7 48 45 45
0975_0019_0020_0047_0047.jpg 1 19 20 47 47
0976_0025_0004_0066_0066.jpg 1 25 4 66 66
0977_0024_0036_0053_0053.jpg 1 24 36 53 53
0978_0015_0015_0069_0069.jpg 1 15 15 69 69
0979_0011_0009_0037_0037.jpg 1 11 9 37 37
0980_0036_0012_0059_0059.jpg 1 36 12 59 59
0981_0034_0010_0055_0055.jpg 1 34 10 55 55
0982_0015_0008_0048_0048.jpg 1 15 8 48 48
0983_0050_0044_0032_0032.jpg 1 50 44 32 32
0984_0042_0036_0050_0050.jpg 1 42 36 50 50
0985_0053_0028_0039_0039.jpg 1 53 28 39 39
0986_0009_0045_0047_0047.jpg 1 9 45 47 47
0987_0007_0012_0057_0057.jpg 1 7 12 57 57
0988_0013_0022_0044_0044.jpg 1 13 22 44 44
0989_0035_0054_0033_0033.jpg 1 35 54 33 33
0990_0039_0007_0050_0050.jpg 1 39 7 50 50
0991_0015_0011_0066_0066.jpg 1 15 11 66 66
0992_0018_0040_0046_0046.jpg 1 18 40 46 46
0993_0025_0018_0067_0067.jpg 1 25 18 67 67
0994_0026_0038_0027_0027.jpg 1 26 38 27 27
0995_0048_0024_0045_0045.jpg 1 48 24 45 45
0996_0051_0015_0029_0029.jpg 1 51 15 29 29
0997_0031_0028_0056_0056.jpg 1 31 28 56 56
0998_0009_0006_0043_0043.jpg 1 9 6 43 43
0999_0024_0037_0037_0037.jpg 1 24 37 37 37
1000_0038_0011_0050_0050.jpg 1 38 11 50 50
1001_0039_0048_0045_0045.jpg 1 39 48 45 45
1002_0027_0048_0045_0045.jpg 1 27 48 45 45
1003_0027_0020_0059_0059.jpg 1 27 20 59 59
1004_0025_0043_0032_0032.jpg 1 25 43 32 32
1005_0031_0011_0043_0043.jpg 1 31 11 43 43
1006_0016_0010_0062_0062.jpg 1 16 10 62 62
1007_0028_0050_0035_0035.jpg 1 28 50 35 35
1008_0028_0038_0057_0057.jpg 1 28 38 57 57
1009_0015_0010_0040_0040.jpg 1 15 10 40 40
1010_0017_0011_0041_0041.jpg 1 17 11 41 41
1011_0009_0050_0037_0037.jpg 1 9 50 37 37
1012_0021_0009_0067_0067.jpg 1 21 9 67 67
1013_0022_0015_0069_0069.jpg 1 22 15 69 69
1014_0033_0010_0045_0045.jpg 1 33 10 45 45
1015_0021_0047_0031_0031.jpg 1 21 47 31 31
1016_0017_0028_0056_0056.jpg 1 17 28 56 56
1017_0022_0050_0043_0043.jpg 1 22 50 43 43
1018_0027_0048_0044_0044.jpg 1 27 48 44 44
1019_0040_0047_0028_0028.jpg 1 40 47 28 28
1020_0041_0014_0051_0051.jpg 1 41 14 51 51
1021_0048_0034_0045_0045.jpg 1 48 34 45 45
1022_0025_0010_0065_0065.jpg 1 25 10 65 65
1023_0014_0027_0060_0060.jpg 1 14 27 60 60
1024_0039_0047_0031_0031.jpg 1 39 47 31 31
1025_0010_0013_0068_0068.jpg 1 10 13 68 68
1026_0031_0044_0031_0031.jpg 1 31 44 31 31
1027_0025_0031_0055_0055.jpg 1 25 31 55 55
1028_0029_0021_0037_0037.jpg 1 29 21 37 37
1029_0035_0018_0037_0037.jpg 1 35 18 37 37
1030_0013_0021_0051_0051.jpg 1 13 21 51 51
1031_0047_0054_0039_0039.jpg 1 47 54 39 39
1032_0019_0034_0053_0053.jpg 1 19 34 53 53
1033_0032_0034_0051_0051.jpg 1 32 34 51 51
1034_0017_0018_0068_0068.jpg 1 17 18 68 68
1035_0007_0016_0065_0065.jpg 1 7 16 65 65
1036_0064_0013_0025_0025.jpg 1 64 13 25 25
1037_0045_0027_0038_0038.jpg 1 45 27 38 38
1038_0017_0017_0066_0066.jpg 1 17 17 66 66
1039_0044_0017_0040_0040.jpg 1 44 17 40 40
1040_0008_0027_0055_0055.jpg 1 8 27 55 55
1041_0015_0008_0043_0043.jpg 1 15 8 43 43
1042_0039_0016_0033_0033.jpg 1 39 16 33 33
1043_0020_0061_0025_0025.jpg 1 20 61 25 25
1044_0015_0023_0058_0058.jpg 1 15 23 58 58
1045_0019_0007_0062_0062.jpg 1 19 7 62 62
1046_0041_0038_0031_0031.jpg 1 41 38 31 31
1047_0031_0029_0064_0064.jpg 1 31 29 64 64
1048_0017_0016_0052_0052.jpg 1 17 16 52 52
1049_0008_0005_0063_0063.jpg 1 8 5 63 63
1050_0043_0011_0028_0028.jpg 1 43 11 28 28
1051_0017_0030_0061_0061.jpg 1 17 30 61 61
1052_0050_0043_0038_0038.jpg 1 50 43 38 38
1053_0028_0041_0046_0046.jpg 1 28 41 46 46
1054_0034_0038_0048_0048.jpg 1 34 38 48 48
1055_0052_0007_0035_0035.jpg 1 52 7 35 35
1056_0032_0031_0060_0060.jpg 1 32 31 60 60
1057_0025_0007_0061_0061.jpg 1 25 7 61 61
1058_0034_0005_0059_0059.jpg 1 34 5 59 59
1059_0017_0039_0038_0038.jpg 1 17 39 38 38
1060_0010_0044_0043_0043.jpg 1 10 44 43 43
1061_0022_0043_0040_0040.jpg 1 22 43 40 40
1062_0017_0040_0029_0029.jpg 1 17 40 29 29
1063_0051_0025_0038_0038.jpg 1 51 25 38 38
1064_0053_0035_0040_0040.jpg 1 53 35 40 40
1065_0033_0014_0048_0048.jpg 1 33 14 48 48
1066_0011_0009_0037_0037.jpg 1 11 9 37 37
1067_0057_0035_0026_0026.jpg 1 57 35 26 26
1068_0029_0010_0059_0059.jpg 1 29 10 59 59
1069_0009_0024_0067_0067.jpg 1 9 24 67 67
1070_0027_0015_0065_0065.jpg 1 27 15 65 65
1071_0016_0024_0036_0036.jpg 1 16 24 36 36
1072_0008_0006_0043_0043.jpg 1 8 6 43 43
1073_0031_0007_0058_0058.jpg 1 31 7 58 58
1074_0007_0013_0053_0053.jpg 1 7 13 53 53
1075_0011_0027_0067_0067.jpg 1 11 27 67 67
1076_0030_0013_0065_0065.jpg 1 30 13 65 65
1077_0025_0029_0029_0029.jpg 1 25 29 29 29
1078_0026_0005_0061_0061.jpg 1 26 5 61 61
1079_0024_0037_0057_0057.jpg 1 24 37 57 57
1080_0056_0046_0024_0024.jpg 1 56 46 24 24
1081_0030_0006_0048_0048.jpg 1 30 6 48 48
1082_0040_0034_0053_0053.jpg 1 40 34 53 53
1083_0026_0027_0037_0037.jpg 1 26 27 37 37
1084_0009_0055_0035_0035.jpg 1 9 55 35 35
1085_0030_0045_0032_0032.jpg 1 30 45 32 32
1086_0007_0013_0053_0053.jpg 1 7 13 53 53
1087_0032_0035_0057_0057.jpg 1 32 35 57 57
1088_0020_0021_0026_0026.jpg 1 20 21 26 26
1089_0019_0006_0041_0041.jpg 1 19 6 41 41
1090_0020_0018_0027_0027.jpg 1 20 18 27 27
1091_0024_0003_0062_0062.jpg 1 24 3 62 62
1092_0042_0050_0034_0034.jpg 1 42 50 34 34
1093_0011_0021_0063_0063.jpg 1 11 21 63 63
1094_0034_0007_0031_0031.jpg 1 34 7 31 31
1095_0016_0026_0054_0054.jpg 1 16 26 54 54
1096_0035_0041_0039_0039.jpg 1 35 41 39 39
1097_0055_0045_0032_0032.jpg 1 55 45 32 32
1098_0028_0041_0052_0052.jpg 1 28 41 52 52
1099_0022_0015_0056_0056.jpg 1 22 15 56 56
1100_0051_0007_0028_0028.jpg 1 51 7 28 28
1101_0015_0034_0033_0033.jpg 1 15 34 33 33
1102_0026_0017_0067_0067.jpg 1 26 17 67 67
1103_0021_0050_0042_0042.jpg 1 21 50 42 42
1104_0023_0011_0053_0053.jpg 1 23 11 53 53
1105_0018_0028_0037_0037.jpg 1 18 28 37 37
1106_0007_0029_0062_0062.jpg 1 7 29 62 62
1107_0007_0039_0044_0044.jpg 1 7 39 44 44
1108_0038_0042_0024_0024.jpg 1 38 42 24 24
1109_0016_0022_0060_0060.jpg 1 16 22 60 60
1110_0020_0007_0049_0049.jpg 1 20 7 49 49
1111_0058_0047_0031_0031.jpg 1 58 47 31 31
1112_0037_0037_0048_0048.jpg 1 37 37 48 48
1113_0049_0011_0041_0041.jpg 1 49 11 41 41
1114_0006_0044_0035_0035.jpg 1 6 44 35 35
1115_0008_0009_0068_0068.jpg 1 8 9 68 68
1116_0030_0057_0028_0028.jpg 1 30 57 28 28
1117_0046_0031_0046_0046.jpg 1 46 31 46 46
1118_0023_0010_0043_0043.jpg 1 23 10 43 43
1119_0038_0013_0052_0052.jpg 1 38 13 52 52
1120_0025_0040_0052_0052.jpg 1 25 40 52 52
1121_0017_0020_0051_0051.jpg 1 17 20 51 51
1122_0052_0040_0034_0034.jpg 1 52 40 34 34
1123_0028_0023_0054_0054.jpg 1 28 23 54 54
1124_0015_0021_0040_0040.jpg 1 15 21 40 40
1125_0025_0041_0054_0054.jpg 1 25 41 54 54
1126_0021_0010_0065_0065.jpg 1 21 10 65 65
1127_0028_0016_0060_0060.jpg 1 28 16 60 60
1128_0015_0013_0038_0038.jpg 1 15 13 38 38
1129_0031_0027_0046_0046.jpg 1 31 27 46 46
1130_0039_0053_0027_0027.jpg 1 39 53 27 27
1131_0053_0050_0035_0035.jpg 1 53 50 35 35
1132_0040_0025_0053_0053.jpg 1 40 25 53 53
1133_0056_0060_0025_0025.jpg 1 56 60 25 25
1134_0012_0023_0034_0034.jpg 1 12 23 34 34
1135_0061_0057_0031_0031.jpg 1 61 57 31 31
1136_0013_0006_0069_0069.jpg 1 13 6 69 69
1137_0022_0014_0067_0067.jpg 1 22 14 67 67
1138_0008_0016_0069_0069.jpg 1 8 16 69 69
1139_0008_0008_0066_0066.jpg 1 8 8 66 66
1140_0034_0014_0061_0061.jpg 1 34 14 61 61
1141_0004_0004_0058_0058.jpg 1 4 4 58 58
1142_0008_0012_0050_0050.jpg 1 8 12 50 50
1143_0031_0006_0051_0051.jpg 1 31 6 51 51
1144_0010_0024_0064_0064.jpg 1 10 24 64 64
1145_0023_0038_0039_0039.jpg 1 23 38 39 39
1146_0020_0028_0028_0028.jpg 1 20 28 28 28
1147_0036_0014_0035_0035.jpg 1 36 14 35 35
1148_0043_0028_0048_0048.jpg 1 43 28 48 48
1149_0019_0044_0039_0039.jpg 1 19 44 39 39
1150_0015_0066_0024_0024.jpg 1 15 66 24 24
1151_0043_0041_0040_0040.jpg 1 43 41 40 40
1152_0052_0059_0031_0031.jpg 1 52 59 31 31
1153_0007_0029_0043_0043.jpg 1 7 29 43 43
1154_0019_0049_0043_0043.jpg 1 19 49 43 43
1155_0055_0009_0032_0032.jpg 1 55 9 32 32
1156_0033_0020_0045_0045.jpg 1 33 20 45 45
1157_0021_0013_0058_0058.jpg 1 21 13 58 58
1158_0008_0043_0046_0046.jpg 1 8 43 46 46
1159_0008_0042_0029_0029.jpg 1 8 42 29 29
1160_0023_0028_0066_0066.jpg 1 23 28 66 66
1161_0009_0049_0039_0039.jpg 1 9 49 39 39
1162_0016_0007_0063_0063.jpg 1 16 7 63 63
1163_0048_0052_0029_0029.jpg 1 48 52 29 29
1164_0023_0058_0029_0029.jpg 1 23 58 29 29
1165_0024_0015_0040_0040.jpg 1 24 15 40 40
1166_0003_0013_0066_0066.jpg 1 3 13 66 66
1167_0024_0026_0069_0069.jpg 1 24 26 69 69
1168_0053_0062_0030_0030.jpg 1 53 62 30 30
1169_0022_0015_0053_0053.jpg 1 22 15 53 53
1170_0050_0050_0036_0036.jpg 1 50 50 36 36
1171_0017_0033_0062_0062.jpg 1 17 33 62 62
1172_0013_0020_0066_0066.jpg 1 13 20 66 66
1173_0013_0029_0066_0066.jpg 1 13 29 66 66
1174_0028_0063_0026_0026.jpg 1 28 63 26 26
1175_0032_0034_0044_0044.jpg 1 32 34 44 44
1176_0009_0025_0055_0055.jpg 1 9 25 55 55
1177_0012_0053_0038_0038.jpg 1 12 53 38 38
1178_0011_0019_0041_0041.jpg 1 11 19 41 41
1179_0016_0040_0049_0049.jpg 1 16 40 49 49
1180_0037_0011_0034_0034.jpg 1 37 11 34 34
1181_0030_0026_0052_0052.jpg 1 30 26 52 52
1182_0036_0018_0051_0051.jpg 1 36 18 51 51
1183_0020_0018_0040_0040.jpg 1 20 18 40 40
1184_0009_0023_0040_0040.jpg 1 9 23 40 40
1185_0026_0029_0057_0057.jpg 1 26 29 57 57
1186_0005_0025_0061_0061.jpg 1 5 25 61 61
1187_0007_0014_0062_0062.jpg 1 7 14 62 62
1188_0055_0055_0036_0036.jpg 1 55 55 36 36
1189_0028_0050_0024_0024.jpg 1 28 50 24 24
1190_0023_0031_0030_0030.jpg 1 23 31 30 30
1191_0053_0010_0027_0027.jpg 1 53 10 27 27
1192_0012_0006_0063_0063.jpg 1 12 6 63 63
1193_0021_0010_0054_0054.jpg 1 21 10 54 54
1194_0047_0036_0030_0030.jpg 1 47 36 30 30
1195_0029_0038_0057_0057.jpg 1 29 38 57 57
1196_0049_0013_0032_0032.jpg 1 49 13 32 32
1197_0016_0051_0027_0027.jpg 1 16 51 27 27
1198_0010_0018_0033_0033.jpg 1 10 18 33 33
1199_0041_0051_0037_0037.jpg 1 41 51 37 37
1200_0026_0027_0060_0060.jpg 1 26 27 60 60
1201_0044_0026_0037_0037.jpg 1 44 26 37 37
1202_0020_0015_0062_0062.jpg 1 20 15 62 62
1203_0028_0043_0051_0051.jpg 1 28 43 51 51
1204_0045_0040_0026_0026.jpg 1 45 40 26 26
1205_0043_0043_0035_0035.jpg 1 43 43 35 35
1206_0043_0056_0031_0031.jpg 1 43 56 31 31
1207_0030_0026_0029_0029.jpg 1 30 26 29 29
1208_0024_0018_0053_0053.jpg 1 24 18 53 53
1209_0032_0022_0034_0034.jpg 1 32 22 34 34
1210_0015_0008_0034_0034.jpg 1 15 8 34 34
1211_0007_0017_0038_0038.jpg 1 7 17 38 38
1212_0015_0018_0062_0062.jpg 1 15 18 62 62
1213_0025_0017_0036_0036.jpg 1 25 17 36 36
1214_0047_0044_0040_0040.jpg 1 47 44 40 40
1215_0015_0041_0027_0027.jpg 1 15 41 27 27
1216_0011_0010_0064_0064.jpg 1 11 10 64 64
1217_0024_0020_0044_0044.jpg 1 24 20 44 44
1218_0026_0020_0051_0051.jpg 1 26 20 51 51
1219_0012_0022_0027_0027.jpg 1 12 22 27 27
1220_0013_0015_0042_0042.jpg 1 13 15 42 42
1221_0018_0035_0040_0040.jpg 1 18 35 40 40
1222_0055_0034_0024_0024.jpg 1 55 34 24 24
1223_0054_0034_0028_0028.jpg 1 54 34 28 28
1224_0028_0028_0059_0059.jpg 1 28 28 59 59
1225_0009_0036_0041_0041.jpg 1 9 36 41 41
1226_0057_0036_0029_0029.jpg 1 57 36 29 29
1227_0033_0014_0046_0046.jpg 1 33 14 46 46
1228_0022_0014_0047_0047.jpg 1 22 14 47 47
1229_0025_0055_0030_0030.jpg 1 25 55 30 30
1230_0047_0029_0034_0034.jpg 1 47 29 34 34
1231_0014_0028_0047_0047.jpg 1 14 28 47 47
1232_0044_0023_0050_0050.jpg 1 44 23 50 50
1233_0027_0004_0062_0062.jpg 1 27 4 62 62
1234_0025_0022_0063_0063.jpg 1 25 22 63 63
1235_0017_0041_0053_0053.jpg 1 17 41 53 53
1236_0026_0008_0063_0063.jpg 1 26 8 63 63
1237_0015_0027_0052_0052.jpg 1 15 27 52 52
1238_0034_0042_0027_0027.jpg 1 34 42 27 27
1239_0057_0063_0026_0026.jpg 1 57 63 26 26
1240_0020_0010_0044_0044.jpg 1 20 10 44 44
1241_0047_0067_0024_0024.jpg 1 47 67 24 24
1242_0029_0008_0062_0062.jpg 1 29 8 62 62
1243_0017_0004_0067_0067.jpg 1 17 4 67 67
1244_0026_0055_0025_0025.jpg 1 26 55 25 25
1245_0038_0011_0033_0033.jpg 1 38 11 33 33
1246_0042_0045_0044_0044.jpg 1 42 45 44 44
1247_0004_0017_0065_0065.jpg 1 4 17 65 65
1248_0025_0033_0041_0041.jpg 1 25 33 41 41
1249_0027_0029_0048_0048.jpg 1 27 29 48 48
1250_0011_0019_0066_0066.jpg 1 11 19 66 66
1251_0033_0033_0036_0036.jpg 1 33 33 36 36
1252_0015_0010_0048_0048.jpg 1 15 10 48 48
1253_0022_0013_0058_0058.jpg 1 22 13 58 58
1254_0008_0030_0035_0035.jpg 1 8 30 35 35
1255_0038_0033_0050_0050.jpg 1 38 33 50 50
1256_0012_0047_0040_0040.jpg 1 12 47 40 40
1257_0010_0032_0044_0044.jpg 1 10 32 44 44
1258_0016_0021_0065_0065.jpg 1 16 21 65 65
1259_0010_0012_0063_0063.jpg 1 10 12 63 63
1260_0008_0012_0059_0059.jpg 1 8 12 59 59
1261_0012_0041_0044_0044.jpg 1 12 41 44 44
1262_0039_0035_0032_0032.jpg 1 39 35 32 32
1263_0017_0048_0026_0026.jpg 1 17 48 26 26
1264_0044_0017_0033_0033.jpg 1 44 17 33 33
1265_0051_0032_0032_0032.jpg 1 51 32 32 32
1266_0043_0012_0048_0048.jpg 1 43 12 48 48
1267_0024_0042_0040_0040.jpg 1 24 42 40 40
1268_0055_0033_0024_0024.jpg 1 55 33 24 24
1269_0010_0024_0069_0069.jpg 1 10 24 69 69
1270_0010_0018_0067_0067.jpg 1 10 18 67 67
1271_0027_0013_0055_0055.jpg 1 27 13 55 55
1272_0023_0034_0057_0057.jpg 1 23 34 57 57
1273_0039_0016_0050_0050.jpg 1 39 16 50 50
1274_0037_0014_0040_0040.jpg 1 37 14 40 40
1275_0020_0005_0064_0064.jpg 1 20 5 64 64
1276_0019_0008_0047_0047.jpg 1 19 8 47 47
1277_0033_0026_0040_0040.jpg 1 33 26 40 40
1278_0015_0016_0027_0027.jpg 1 15 16 27 27
1279_0043_0049_0035_0035.jpg 1 43 49 35 35
1280_0024_0023_0049_0049.jpg 1 24 23 49 49
1281_0011_0026_0064_0064.jpg 1 11 26 64 64
1282_0023_0024_0068_0068.jpg 1 23 24 68 68
1283_0007_0003_0064_0064.jpg 1 7 3 64 64
1284_0014_0043_0040_0040.jpg 1 14 43 40 40
1285_0029_0008_0027_0027.jpg 1 29 8 27 27
1286_0038_0009_0025_0025.jpg 1 38 9 25 25
1287_0019_0017_0067_0067.jpg 1 19 17 67 67
1288_0029_0035_0035_0035.jpg 1 29 35 35 35
1289_0031_0015_0058_0058.jpg 1 31 15 58 58
1290_0034_0019_0057_0057.jpg 1 34 19 57 57
1291_0015_0059_0033_0033.jpg 1 15 59 33 33
1292_0041_0015_0052_0052.jpg 1 41 15 52 52
1293_0026_0026_0067_0067.jpg 1 26 26 67 67
1294_0008_0010_0035_0035.jpg 1 8 10 35 35
1295_0019_0012_0039_0039.jpg 1 19 12 39 39
1296_0046_0054_0039_0039.jpg 1 46 54 39 39
1297_0009_0007_0035_0035.jpg 1 9 7 35 35
1298_0018_0016_0069_0069.jpg 1 18 16 69 69
1299_0034_0013_0033_0033.jpg 1 34 13 33 33
1300_0041_0032_0032_0032.jpg 1 41 32 32 32
1301_0007_0052_0035_0035.jpg 1 7 52 35 35
1302_0018_0013_0067_0067.jpg 1 18 13 67 67
1303_0030_0007_0042_0042.jpg 1 30 7 42 42
1304_0017_0047_0031_0031.jpg 1 17 47 31 31
1305_0014_0020_0062_0062.jpg 1 14 20 62 62
1306_0011_0048_0024_0024.jpg 1 11 48 24 24
1307_0042_0011_0048_0048.jpg 1 42 11 48 48
1308_0015_0013_0066_0066.jpg 1 15 13 66 66
1309_0025_0025_0054_0054.jpg 1 25 25 54 54
1310_0021_0012_0040_0040.jpg 1 21 12 40 40
1311_0042_0018_0050_0050.jpg 1 42 18 50 50
1312_0031_0061_0026_0026.jpg 1 31 61 26 26
1313_0044_0017_0042_0042.jpg 1 44 17 42 42
1314_0018_0022_0065_0065.jpg 1 18 22 65 65
1315_0042_0029_0037_0037.jpg 1 42 29 37 37
1316_0043_0014_0049_0049.jpg 1 43 14 49 49
1317_0007_0012_0035_0035.jpg 1 7 12 35 35
1318_0035_0033_0049_0049.jpg 1 35 33 49 49
1319_0035_0032_0053_0053.jpg 1 35 32 53 53
1320_0042_0052_0031_0031.jpg 1 42 52 31 31
1321_0028_0015_0034_0034.jpg 1 28 15 34 34
1322_0026_0021_0057_0057.jpg 1 26 21 57 57
1323_0021_0014_0024_0024.jpg 1 21 14 24 24
1324_0032_0016_0058_0058.jpg 1 32 16 58 58
1325_0034_0021_0047_0047.jpg 1 34 21 47 47
1326_0027_0030_0050_0050.jpg 1 27 30 50 50
1327_0013_0024_0060_0060.jpg 1 13 24 60 60
1328_0017_0037_0053_0053.jpg 1 17 37 53 53
1329_0022_0028_0068_0068.jpg 1 22 28 68 68
1330_0017_0016_0044_0044.jpg 1 17 16 44 44
1331_0023_0039_0050_0050.jpg 1 23 39 50 50
1332_0025_0025_0026_0026.jpg 1 25 25 26 26
1333_0038_0049_0039_0039.jpg 1 38 49 39 39
1334_0049_0035_0036_0036.jpg 1 49 35 36 36
1335_0014_0008_0054_0054.jpg 1 14 8 54 54
1336_0014_0036_0045_0045.jpg 1 14 36 45 45
1337_0016_0004_0058_0058.jpg 1 16 4 58 58
1338_0018_0007_0066_0066.jpg 1 18 7 66 66
1339_0014_0007_0039_0039.jpg 1 14 7 39 39
1340_0020_0022_0067_0067.jpg 1 20 22 67 67
1341_0055_0054_0024_0024.jpg 1 55 54 24 24
1342_0040_0021_0047_0047.jpg 1 40 21 47 47
1343_0027_0048_0036_0036.jpg 1 27 48 36 36
1344_0015_0005_0049_0049.jpg 1 15 5 49 49
1345_0036_0023_0026_0026.jpg 1 36 23 26 26
1346_0031_0022_0065_0065.jpg 1 31 22 65 65
1347_0027_0020_0068_0068.jpg 1 27 20 68 68
1348_0020_0019_0059_0059.jpg 1 20 19 59 59
1349_0044_0051_0034_0034.jpg 1 44 51 34 34
1350_0007_0004_0069_0069.jpg 1 7 4 69 69
1351_0020_0015_0026_0026.jpg 1 20 15 26 26
1352_0028_0028_0058_0058.jpg 1 28 28 58 58
1353_0008_0016_0060_0060.jpg 1 8 16 60 60
1354_0021_0027_0027_0027.jpg 1 21 27 27 27
1355_0010_0022_0054_0054.jpg 1 10 22 54 54
1356_0029_0019_0061_0061.jpg 1 29 19 61 61
1357_0056_0042_0029_0029.jpg 1 56 42 29 29
1358_0039_0040_0039_0039.jpg 1 39 40 39 39
1359_0031_0005_0062_0062.jpg 1 31 5 62 62
1360_0011_0034_0059_0059.jpg 1 11 34 59 59
1361_0014_0039_0036_0036.jpg 1 14 39 36 36
1362_0029_0060_0026_0026.jpg 1 29 60 26 26
1363_0029_0025_0065_0065.jpg 1 29 25 65 65
1364_0046_0055_0037_0037.jpg 1 46 55 37 37
1365_0031_0017_0032_0032.jpg 1 31 17 32 32
1366_0038_0046_0028_0028.jpg 1 38 46 28 28
1367_0019_0012_0063_0063.jpg 1 19 12 63 63
1368_0037_0048_0036_0036.jpg 1 37 48 36 36
1369_0014_0008_0033_0033.jpg 1 14 8 33 33
1370_0039_0017_0036_0036.jpg 1 39 17 36 36
1371_0010_0024_0055_0055.jpg 1 10 24 55 55
1372_0053_0016_0035_0035.jpg 1 53 16 35 35
1373_0029_0023_0039_0039.jpg 1 29 23 39 39
1374_0010_0020_0055_0055.jpg 1 10 20 55 55
1375_0033_0007_0059_0059.jpg 1 33 7 59 59
1376_0036_0030_0058_0058.jpg 1 36 30 58 58
1377_0019_0009_0057_0057.jpg 1 19 9 57 57
1378_0041_0027_0030_0030.jpg 1 41 27 30 30
1379_0035_0029_0038_0038.jpg 1 35 29 38 38
1380_0037_0025_0055_0055.jpg 1 37 25 55 55
1381_0021_0018_0066_0066.jpg 1 21 18 66 66
1382_0017_0030_0046_0046.jpg 1 17 30 46 46
1383_0026_0024_0053_0053.jpg 1 26 24 53 53
1384_0029_0016_0055_0055.jpg 1 29 16 55 55
1385_0018_0018_0040_0040.jpg 1 18 18 40 40
1386_0007_0016_0068_0068.jpg 1 7 16 68 68
1387_0031_0039_0050_0050.jpg 1 31 39 50 50
1388_0041_0038_0047_0047.jpg 1 41 38 47 47
1389_0027_0036_0054_0054.jpg 1 27 36 54 54
1390_0034_0035_0056_0056.jpg 1 34 35 56 56
1391_0029_0008_0065_0065.jpg 1 29 8 65 65
1392_0027_0013_0044_0044.jpg 1 27 13 44 44
1393_0036_0025_0026_0026.jpg 1 36 25 26 26
1394_0013_0003_0068_0068.jpg 1 13 3 68 68
1395_0029_0029_0052_0052.jpg 1 29 29 52 52
1396_0008_0027_0049_0049.jpg 1 8 27 49 49
1397_0027_0007_0056_0056.jpg 1 27 7 56 56
1398_0013_0016_0049_0049.jpg 1 13 16 49 49
1399_0011_0021_0043_0043.jpg 1 11 21 43 43
1400_0024_0014_0035_0035.jpg 1 24 14 35 35
1401_0057_0055_0029_0029.jpg 1 57 55 29 29
1402_0047_0026_0034_0034.jpg 1 47 26 34 34
1403_0044_0037_0024_0024.jpg 1 44 37 24 24
1404_0013_0039_0046_0046.jpg 1 13 39 46 46
1405_0039_0029_0050_0050.jpg 1 39 29 50 50
1406_0056_0057_0026_0026.jpg 1 56 57 26 26
1407_0010_0046_0047_0047.jpg 1 10 46 47 47
1408_0031_0019_0037_0037.jpg 1 31 19 37 37
1409_0051_0013_0040_0040.jpg 1 51 13 40 40
1410_0034_0013_0060_0060.jpg 1 34 13 60 60
1411_0016_0025_0058_0058.jpg 1 16 25 58 58
1412_0005_0018_0068_0068.jpg 1 5 18 68 68
1413_0014_0032_0035_0035.jpg 1 14 32 35 35
1414_0038_0052_0033_0033.jpg 1 38 52 33 33
1415_0022_0026_0060_0060.jpg 1 22 26 60 60
1416_0022_0029_0053_0053.jpg 1 22 29 53 53
1417_0031_0006_0064_0064.jpg 1 31 6 64 64
1418_0041_0027_0049_0049.jpg 1 41 27 49 49
1419_0033_0009_0032_0032.jpg 1 33 9 32 32
1420_0044_0015_0047_0047.jpg 1 44 15 47 47
1421_0019_0034_0027_0027.jpg 1 19 34 27 27
1422_0020_0022_0064_0064.jpg 1 20 22 64 64
1423_0007_0040_0042_0042.jpg 1 7 40 42 42
1424_0011_0040_0036_0036.jpg 1 11 40 36 36
1425_0057_0019_0035_0035.jpg 1 57 19 35 35
1426_0047_0012_0041_0041.jpg 1 47 12 41 41
1427_0029_0023_0030_0030.jpg 1 29 23 30 30
1428_0011_0007_0048_0048.jpg 1 11 7 48 48
1429_0019_0032_0060_0060.jpg 1 19 32 60 60
1430_0011_0029_0063_0063.jpg 1 11 29 63 63
1431_0028_0006_0060_0060.jpg 1 28 6 60 60
1432_0033_0050_0027_0027.jpg 1 33 50 27 27
1433_0044_0041_0044_0044.jpg 1 44 41 44 44
1434_0014_0007_0069_0069.jpg 1 14 7 69 69
1435_0012_0025_0059_0059.jpg 1 12 25 59 59
1436_0030_0034_0041_0041.jpg 1 30 34 41 41
1437_0012_0037_0052_0052.jpg 1 12 37 52 52
1438_0012_0009_0061_0061.jpg 1 12 9 61 61
1439_0026_0010_0064_0064.jpg 1 26 10 64 64
1440_0030_0018_0063_0063.jpg 1 30 18 63 63
1441_0010_0022_0063_0063.jpg 1 10 22 63 63
1442_0033_0007_0024_0024.jpg 1 33 7 24 24
1443_0040_0039_0055_0055.jpg 1 40 39 55 55
1444_0007_0036_0038_0038.jpg 1 7 36 38 38
1445_0028_0062_0029_0029.jpg 1 28 62 29 29
1446_0032_0026_0040_0040.jpg 1 32 26 40 40
1447_0029_0014_0067_0067.jpg 1 29 14 67 67
1448_0012_0044_0037_0037.jpg 1 12 44 37 37
1449_0033_0019_0034_0034.jpg 1 33 19 34 34
1450_0061_0008_0025_0025.jpg 1 61 8 25 25
1451_0013_0026_0066_0066.jpg 1 13 26 66 66
1452_0050_0046_0044_0044.jpg 1 50 46 44 44
1453_0050_0040_0035_0035.jpg 1 50 40 35 35
1454_0029_0047_0024_0024.jpg 1 29 47 24 24
1455_0037_0024_0058_0058.jpg 1 37 24 58 58
1456_0003_0014_0069_0069.jpg 1 3 14 69 69
1457_0031_0029_0060_0060.jpg 1 31 29 60 60
1458_0016_0041_0045_0045.jpg 1 16 41 45 45
1459_0029_0019_0063_0063.jpg 1 29 19 63 63
1460_0031_0019_0064_0064.jpg 1 31 19 64 64
1461_0012_0046_0043_0043.jpg 1 12 46 43 43
1462_0020_0009_0030_0030.jpg 1 20 9 30 30
1463_0013_0019_0040_0040.jpg 1 13 19 40 40
1464_0044_0033_0044_0044.jpg 1 44 33 44 44
1465_0023_0017_0028_0028.jpg 1 23 17 28 28
1466_0010_0011_0056_0056.jpg 1 10 11 56 56
1467_0045_0045_0039_0039.jpg 1 45 45 39 39
1468_0039_0032_0049_0049.jpg 1 39 32 49 49
1469_0037_0021_0043_0043.jpg 1 37 21 43 43
1470_0063_0061_0028_0028.jpg 1 63 61 28 28
1471_0039_0038_0038_0038.jpg 1 39 38 38 38
1472_0013_0040_0029_0029.jpg 1 13 40 29 29
1473_0035_0053_0031_0031.jpg 1 35 53 31 31
1474_0041_0010_0024_0024.jpg 1 41 10 24 24
1475_0014_0016_0050_0050.jpg 1 14 16 50 50
1476_0041_0035_0040_0040.jpg 1 41 35 40 40
1477_0031_0019_0045_0045.jpg 1 31 19 45 45
1478_0044_0054_0028_0028.jpg 1 44 54 28 28
1479_0027_0028_0048_0048.jpg 1 27 28 48 48
1480_0034_0041_0037_0037.jpg 1 34 41 37 37
1481_0011_0049_0041_0041.jpg 1 11 49 41 41
1482_0033_0023_0048_0048.jpg 1 33 23 48 48
1483_0008_0011_0032_0032.jpg 1 8 11 32 32
1484_0011_0059_0025_0025.jpg 1 11 59 25 25
1485_0049_0050_0030_0030.jpg 1 49 50 30 30
1486_0040_0024_0035_0035.jpg 1 40 24 35 35
1487_0029_0031_0041_0041.jpg 1 29 31 41 41
1488_0021_0036_0033_0033.jpg 1 21 36 33 33
1489_0020_0015_0050_0050.jpg 1 20 15 50 50
1490_0007_0035_0041_0041.jpg 1 7 35 41 41
1491_0049_0011_0035_0035.jpg 1 49 11 35 35
1492_0034_0009_0037_0037.jpg 1 34 9 37 37
1493_0045_0021_0046_0046.jpg 1 45 21 46 46
1494_0028_0017_0052_0052.jpg 1 28 17 52 52
1495_0006_0036_0049_0049.jpg 1 6 36 49 49
1496_0043_0060_0024_0024.jpg 1 43 60 24 24
1497_0013_0009_0068_0068.jpg 1 13 9 68 68
1498_0020_0043_0049_0049.jpg 1 20 43 49 49
1499_0008_0050_0031_0031.jpg 1 8 50 31 31
1500_0010_0005_0056_0056.jpg 1 10 5 56 56
1501_0020_0014_0065_0065.jpg 1 20 14 65 65
1502_0032_0047_0029_0029.jpg 1 32 47 29 29
1503_0032_0008_0035_0035.jpg 1 32 8 35 35
1504_0008_0021_0057_0057.jpg 1 8 21 57 57
1505_0010_0011_0032_0032.jpg 1 10 11 32 32
1506_0026_0030_0065_0065.jpg 1 26 30 65 65
1507_0030_0014_0060_0060.jpg 1 30 14 60 60
1508_0010_0025_0060_0060.jpg 1 10 25 60 60
1509_0060_0048_0033_0033.jpg 1 60 48 33 33
1510_0020_0029_0051_0051.jpg 1 20 29 51 51
1511_0027_0025_0068_0068.jpg 1 27 25 68 68
1512_0045_0031_0039_0039.jpg 1 45 31 39 39
1513_0008_0032_0034_0034.jpg 1 8 32 34 34
1514_0042_0026_0036_0036.jpg 1 42 26 36 36
1515_0016_0029_0043_0043.jpg 1 16 29 43 43
1516_0007_0006_0066_0066.jpg 1 7 6 66 66
1517_0012_0008_0054_0054.jpg 1 12 8 54 54
1518_0033_0014_0061_0061.jpg 1 33 14 61 61
1519_0015_0016_0056_0056.jpg 1 15 16 56 56
1520_0035_0007_0053_0053.jpg 1 35 7 53 53
1521_0035_0040_0049_0049.jpg 1 35 40 49 49
1522_0039_0009_0038_0038.jpg 1 39 9 38 38
1523_0040_0034_0055_0055.jpg 1 40 34 55 55
1524_0045_0036_0043_0043.jpg 1 45 36 43 43
1525_0004_0021_0065_0065.jpg 1 4 21 65 65
1526_0044_0018_0043_0043.jpg 1 44 18 43 43
1527_0008_0013_0062_0062.jpg 1 8 13 62 62
1528_0033_0028_0044_0044.jpg 1 33 28 44 44
1529_0034_0029_0024_0024.jpg 1 34 29 24 24
1530_0025_0039_0056_0056.jpg 1 25 39 56 56
1531_0027_0018_0054_0054.jpg 1 27 18 54 54
1532_0025_0035_0047_0047.jpg 1 25 35 47 47
1533_0006_0011_0067_0067.jpg 1 6 11 67 67
1534_0017_0009_0024_0024.jpg 1 17 9 24 24
1535_0064_0019_0028_0028.jpg 1 64 19 28 28
1536_0049_0021_0042_0042.jpg 1 49 21 42 42
1537_0006_0024_0062_0062.jpg 1 6 24 62 62
1538_0023_0012_0065_0065.jpg 1 23 12 65 65
1539_0019_0033_0061_0061.jpg 1 19 33 61 61
1540_0024_0047_0037_0037.jpg 1 24 47 37 37
1541_0050_0041_0036_0036.jpg 1 50 41 36 36
1542_0022_0028_0024_0024.jpg 1 22 28 24 24
1543_0040_0009_0054_0054.jpg 1 40 9 54 54
1544_0057_0021_0027_0027.jpg 1 57 21 27 27
1545_0022_0011_0055_0055.jpg 1 22 11 55 55
1546_0028_0025_0041_0041.jpg 1 28 25 41 41
1547_0048_0065_0025_0025.jpg 1 48 65 25 25
1548_0009_0028_0060_0060.jpg 1 9 28 60 60
1549_0018_0037_0057_0057.jpg 1 18 37 57 57
1550_0025_0007_0062_0062.jpg 1 25 7 62 62
1551_0015_0053_0031_0031.jpg 1 15 53 31 31
1552_0019_0028_0068_0068.jpg 1 19 28 68 68
1553_0013_0042_0053_0053.jpg 1 13 42 53 53
1554_0035_0037_0044_0044.jpg 1 35 37 44 44
1555_0008_0025_0052_0052.jpg 1 8 25 52 52
1556_0026_0013_0068_0068.jpg 1 26 13 68 68
1557_0033_0005_0051_0051.jpg 1 33 5 51 51
1558_0018_0018_0058_0058.jpg 1 18 18 58 58
1559_0015_0035_0050_0050.jpg 1 15 35 50 50
1560_0047_0032_0043_0043.jpg 1 47 32 43 43
1561_0042_0050_0030_0030.jpg 1 42 50 30 30
1562_0021_0049_0038_0038.jpg 1 21 49 38 38
1563_0025_0026_0035_0035.jpg 1 25 26 35 35
1564_0033_0035_0052_0052.jpg 1 33 35 52 52
1565_0028_0022_0047_0047.jpg 1 28 22 47 47
1566_0019_0014_0068_0068.jpg 1 19 14 68 68
1567_0051_0055_0036_0036.jpg 1 51 55 36 36
1568_0021_0008_0059_0059.jpg 1 21 8 59 59
1569_0055_0059_0027_0027.jpg 1 55 59 27 27
1570_0045_0042_0032_0032.jpg 1 45 42 32 32
1571_0066_0064_0024_0024.jpg 1 66 64 24 24
1572_0015_0011_0047_0047.jpg 1 15 11 47 47
1573_0021_0017_0050_0050.jpg 1 21 17 50 50
1574_0034_0027_0049_0049.jpg 1 34 27 49 49
1575_0027_0017_0026_0026.jpg 1 27 17 26 26
1576_0042_0057_0033_0033.jpg 1 42 57 33 33
1577_0030_0017_0056_0056.jpg 1 30 17 56 56
1578_0035_0010_0026_0026.jpg 1 35 10 26 26
1579_0011_0015_0044_0044.jpg 1 11 15 44 44
1580_0015_0045_0038_0038.jpg 1 15 45 38 38
1581_0037_0037_0036_0036.jpg 1 37 37 36 36
1582_0024_0017_0047_0047.jpg 1 24 17 47 47
1583_0049_0049_0031_0031.jpg 1 49 49 31 31
1584_0026_0016_0061_0061.jpg 1 26 16 61 61
1585_0005_0034_0058_0058.jpg 1 5 34 58 58
1586_0017_0006_0065_0065.jpg 1 17 6 65 65
1587_0043_0048_0045_0045.jpg 1 43 48 45 45
1588_0031_0017_0049_0049.jpg 1 31 17 49 49
1589_0014_0038_0046_0046.jpg 1 14 38 46 46
1590_0032_0014_0059_0059.jpg 1 32 14 59 59
1591_0010_0051_0033_0033.jpg 1 10 51 33 33
1592_0023_0011_0052_0052.jpg 1 23 11 52 52
1593_0017_0046_0036_0036.jpg 1 17 46 36 36
1594_0042_0010_0051_0051.jpg 1 42 10 51 51
1595_0052_0034_0039_0039.jpg 1 52 34 39 39
1596_0038_0015_0056_0056.jpg 1 38 15 56 56
1597_0008_0045_0047_0047.jpg 1 8 45 47 47
1598_0022_0034_0030_0030.jpg 1 22 34 30 30
1599_0055_0009_0033_0033.jpg 1 55 9 33 33
1600_0041_0044_0048_0048.jpg 1 41 44 48 48
1601_0021_0005_0059_0059.jpg 1 21 5 59 59
1602_0011_0018_0064_0064.jpg 1 11 18 64 64
1603_0032_0005_0063_0063.jpg 1 32 5 63 63
1604_0053_0042_0030_0030.jpg 1 53 42 30 30
1605_0059_0065_0026_0026.jpg 1 59 65 26 26
1606_0018_0044_0039_0039.jpg 1 18 44 39 39
1607_0036_0036_0049_0049.jpg 1 36 36 49 49
1608_0016_0036_0041_0041.jpg 1 16 36 41 41
1609_0060_0022_0032_0032.jpg 1 60 22 32 32
1610_0013_0042_0045_0045.jpg 1 13 42 45 45
1611_0024_0011_0028_0028.jpg 1 24 11 28 28
1612_0014_0023_0030_0030.jpg 1 14 23 30 30
1613_0007_0025_0033_0033.jpg 1 7 25 33 33
1614_0047_0030_0024_0024.jpg 1 47 30 24 24
1615_0057_0062_0030_0030.jpg 1 57 62 30 30
1616_0006_0013_0064_0064.jpg 1 6 13 64 64
1617_0017_0031_0060_0060.jpg 1 17 31 60 60
1618_0022_0026_0065_0065.jpg 1 22 26 65 65
1619_0006_0041_0053_0053.jpg 1 6 41 53 53
1620_0005_0015_0064_0064.jpg 1 5 15 64 64
1621_0035_0012_0047_0047.jpg 1 35 12 47 47
1622_0028_0024_0053_0053.jpg 1 28 24 53 53
1623_0024_0028_0031_0031.jpg 1 24 28 31 31
1624_0015_0014_0055_0055.jpg 1 15 14 55 55
1625_0027_0040_0038_0038.jpg 1 27 40 38 38
1626_0007_0016_0055_0055.jpg 1 7 16 55 55
1627_0012_0042_0041_0041.jpg 1 12 42 41 41
1628_0011_0018_0045_0045.jpg 1 11 18 45 45
1629_0031_0010_0063_0063.jpg 1 31 10 63 63
1630_0026_0029_0057_0057.jpg 1 26 29 57 57
1631_0046_0021_0038_0038.jpg 1 46 21 38 38
1632_0053_0044_0039_0039.jpg 1 53 44 39 39
1633_0014_0014_0065_0065.jpg 1 14 14 65 65
1634_0056_0029_0033_0033.jpg 1 56 29 33 33
1635_0013_0008_0057_0057.jpg 1 13 8 57 57
1636_0006_0015_0063_0063.jpg 1 6 15 63 63
1637_0023_0042_0052_0052.jpg 1 23 42 52 52
1638_0019_0028_0051_0051.jpg 1 19 28 51 51
1639_0005_0033_0051_0051.jpg 1 5 33 51 51
1640_0033_0028_0036_0036.jpg 1 33 28 36 36
1641_0035_0023_0026_0026.jpg 1 35 23 26 26
1642_0006_0014_0059_0059.jpg 1 6 14 59 59
1643_0049_0020_0042_0042.jpg 1 49 20 42 42
1644_0027_0010_0069_0069.jpg 1 27 10 69 69
1645_0045_0027_0045_0045.jpg 1 45 27 45 45
1646_0039_0044_0046_0046.jpg 1 39 44 46 46
1647_0016_0016_0046_0046.jpg 1 16 16 46 46
1648_0023_0029_0063_0063.jpg 1 23 29 63 63
1649_0025_0011_0056_0056.jpg 1 25 11 56 56
1650_0031_0018_0051_0051.jpg 1 31 18 51 51
1651_0020_0018_0049_0049.jpg 1 20 18 49 49
1652_0010_0034_0053_0053.jpg 1 10 34 53 53
1653_0024_0027_0050_0050.jpg 1 24 27 50 50
1654_0014_0028_0049_0049.jpg 1 14 28 49 49
1655_0024_0009_0064_0064.jpg 1 24 9 64 64
1656_0022_0053_0039_0039.jpg 1 22 53 39 39
1657_0033_0049_0034_0034.jpg 1 33 49 34 34
1658_0008_0004_0059_0059.jpg 1 8 4 59 59
1659_0025_0028_0060_0060.jpg 1 25 28 60 60
1660_0013_0039_0048_0048.jpg 1 13 39 48 48
1661_0022_0030_0046_0046.jpg 1 22 30 46 46
1662_0008_0023_0065_0065.jpg 1 8 23 65 65
1663_0027_0039_0024_0024.jpg 1 27 39 24 24
1664_0026_0024_0064_0064.jpg 1 26 24 64 64
1665_0039_0020_0039_0039.jpg 1 39 20 39 39
1666_0012_0054_0038_0038.jpg 1 12 54 38 38
1667_0042_0063_0026_0026.jpg 1 42 63 26 26
1668_0007_0027_0038_0038.jpg 1 7 27 38 38
1669_0034_0039_0031_0031.jpg 1 34 39 31 31
1670_0029_0029_0044_0044.jpg 1 29 29 44 44
1671_0036_0038_0050_0050.jpg 1 36 38 50 50
1672_0027_0017_0050_0050.jpg 1 27 17 50 50
1673_0029_0037_0034_0034.jpg 1 29 37 34 34
1674_0043_0010_0031_0031.jpg 1 43 10 31 31
1675_0030_0029_0058_0058.jpg 1 30 29 58 58
1676_0038_0042_0046_0046.jpg 1 38 42 46 46
1677_0015_0012_0067_0067.jpg 1 15 12 67 67
1678_0027_0033_0029_0029.jpg 1 27 33 29 29
1679_0027_0018_0054_0054.jpg 1 27 18 54 54
1680_0028_0006_0041_0041.jpg 1 28 6 41 41
1681_0042_0016_0043_0043.jpg 1 42 16 43 43
1682_0060_0021_0030_0030.jpg 1 60 21 30 30
1683_0026_0034_0054_0054.jpg 1 26 34 54 54
1684_0045_0027_0045_0045.jpg 1 45 27 45 45
1685_0034_0013_0052_0052.jpg 1 34 13 52 52
1686_0008_0005_0054_0054.jpg 1 8 5 54 54
1687_0006_0006_0058_0058.jpg 1 6 6 58 58
1688_0038_0022_0033_0033.jpg 1 38 22 33 33
1689_0022_0015_0065_0065.jpg 1 22 15 65 65
1690_0043_0050_0024_0024.jpg 1 43 50 24 24
1691_0009_0012_0068_0068.jpg 1 9 12 68 68
1692_0011_0039_0052_0052.jpg 1 11 39 52 52
1693_0038_0018_0039_0039.jpg 1 38 18 39 39
1694_0016_0034_0060_0060.jpg 1 16 34 60 60
1695_0010_0021_0058_0058.jpg 1 10 21 58 58
1696_0014_0029_0061_0061.jpg 1 14 29 61 61
1697_0045_0008_0025_0025.jpg 1 45 8 25 25
1698_0023_0037_0041_0041.jpg 1 23 37 41 41
1699_0038_0021_0037_0037.jpg 1 38 21 37 37
1700_0039_0050_0032_0032.jpg 1 39 50 32 32
1701_0009_0009_0054_0054.jpg 1 9 9 54 54
1702_0020_0014_0028_0028.jpg 1 20 14 28 28
1703_0025_0027_0067_0067.jpg 1 25 27 67 67
1704_0011_0012_0066_0066.jpg 1 11 12 66 66
1705_0009_0026_0052_0052.jpg 1 9 26 52 52
1706_0016_0022_0061_0061.jpg 1 16 22 61 61
1707_0025_0012_0052_0052.jpg 1 25 12 52 52
1708_0028_0006_0038_0038.jpg 1 28 6 38 38
1709_0043_0012_0051_0051.jpg 1 43 12 51 51
1710_0055_0039_0028_0028.jpg 1 55 39 28 28
1711_0046_0016_0026_0026.jpg 1 46 16 26 26
1712_0033_0052_0030_0030.jpg 1 33 52 30 30
1713_0012_0010_0062_0062.jpg 1 12 10 62 62
1714_0005_0008_0058_0058.jpg 1 5 8 58 58
1715_0026_0017_0040_0040.jpg 1 26 17 40 40
1716_0025_0040_0026_0026.jpg 1 25 40 26 26
1717_0038_0024_0048_0048.jpg 1 38 24 48 48
1718_0048_0029_0031_0031.jpg 1 48 29 31 31
1719_0008_0049_0033_0033.jpg 1 8 49 33 33
1720_0004_0011_0068_0068.jpg 1 4 11 68 68
1721_0015_0048_0036_0036.jpg 1 15 48 36 36
1722_0043_0043_0050_0050.jpg 1 43 43 50 50
1723_0035_0022_0040_0040.jpg 1 35 22 40 40
1724_0007_0035_0041_0041.jpg 1 7 35 41 41
1725_0055_0036_0036_0036.jpg 1 55 36 36 36
1726_0033_0006_0052_0052.jpg 1 33 6 52 52
1727_0006_0004_0066_0066.jpg 1 6 4 66 66
1728_0021_0006_0061_0061.jpg 1 21 6 61 61
1729_0016_0026_0066_0066.jpg 1 16 26 66 66
1730_0010_0007_0049_0049.jpg 1 10 7 49 49
1731_0009_0003_0061_0061.jpg 1 9 3 61 61
1732_0050_0037_0031_0031.jpg 1 50 37 31 31
1733_0044_0061_0024_0024.jpg 1 44 61 24 24
1734_0037_0036_0057_0057.jpg 1 37 36 57 57
1735_0059_0048_0029_0029.jpg 1 59 48 29 29
1736_0052_0042_0024_0024.jpg 1 52 42 24 24
1737_0047_0032_0032_0032.jpg 1 47 32 32 32
1738_0026_0018_0063_0063.jpg 1 26 18 63 63
1739_0050_0025_0041_0041.jpg 1 50 25 41 41
1740_0061_0051_0031_0031.jpg 1 61 51 31 31
1741_0037_0022_0039_0039.jpg 1 37 22 39 39
1742_0033_0036_0049_0049.jpg 1 33 36 49 49
1743_0016_0028_0029_0029.jpg 1 16 28 29 29
1744_0025_0013_0061_0061.jpg 1 25 13 61 61
1745_0012_0017_0064_0064.jpg 1 12 17 64 64
1746_0019_0023_0050_0050.jpg 1 19 23 50 50
1747_0042_0031_0027_0027.jpg 1 42 31 27 27
1748_0026_0008_0027_0027.jpg 1 26 8 27 27
1749_0047_0035_0036_0036.jpg 1 47 35 36 36
1750_0042_0022_0032_0032.jpg 1 42 22 32 32
1751_0017_0010_0055_0055.jpg 1 17 10 55 55
1752_0041_0008_0038_0038.jpg 1 41 8 38 38
1753_0018_0022_0035_0035.jpg 1 18 22 35 35
1754_0031_0017_0054_0054.jpg 1 31 17 54 54
1755_0030_0030_0040_0040.jpg 1 30 30 40 40
1756_0038_0006_0046_0046.jpg 1 38 6 46 46
1757_0034_0050_0036_0036.jpg 1 34 50 36 36
1758_0035_0025_0049_0049.jpg 1 35 25 49 49
1759_0025_0026_0068_0068.jpg 1 25 26 68 68
1760_0024_0029_0049_0049.jpg 1 24 29 49 49
1761_0015_0006_0064_0064.jpg 1 15 6 64 64
1762_0061_0050_0026_0026.jpg 1 61 50 26 26
1763_0060_0056_0027_0027.jpg 1 60 56 27 27
1764_0021_0024_0064_0064.jpg 1 21 24 64 64
1765_0016_0015_0029_0029.jpg 1 16 15 29 29
1766_0013_0028_0045_0045.jpg 1 13 28 45 45
1767_0036_0009_0046_0046.jpg 1 36 9 46 46
1768_0040_0007_0048_0048.jpg 1 40 7 48 48
1769_0020_0023_0061_0061.jpg 1 20 23 61 61
1770_0016_0016_0047_0047.jpg 1 16 16 47 47
1771_0038_0014_0046_0046.jpg 1 38 14 46 46
1772_0018_0015_0055_0055.jpg 1 18 15 55 55
1773_0049_0010_0026_0026.jpg 1 49 10 26 26
1774_0020_0025_0056_0056.jpg 1 20 25 56 56
1775_0049_0050_0035_0035.jpg 1 49 50 35 35
1776_0010_0042_0026_0026.jpg 1 10 42 26 26
1777_0006_0017_0046_0046.jpg 1 6 17 46 46
1778_0018_0031_0059_0059.jpg 1 18 31 59 59
1779_0050_0012_0035_0035.jpg 1 50 12 35 35
1780_0058_0058_0032_0032.jpg 1 58 58 32 32
1781_0037_0031_0058_0058.jpg 1 37 31 58 58
1782_0012_0008_0067_0067.jpg 1 12 8 67 67
1783_0037_0043_0051_0051.jpg 1 37 43 51 51
1784_0018_0019_0064_0064.jpg 1 18 19 64 64
1785_0007_0010_0059_0059.jpg 1 7 10 59 59
1786_0021_0024_0043_0043.jpg 1 21 24 43 43
1787_0037_0035_0043_0043.jpg 1 37 35 43 43
1788_0019_0009_0051_0051.jpg 1 19 9 51 51
1789_0041_0025_0033_0033.jpg 1 41 25 33 33
1790_0034_0034_0057_0057.jpg 1 34 34 57 57
1791_0014_0053_0037_0037.jpg 1 14 53 37 37
1792_0005_0018_0057_0057.jpg 1 5 18 57 57
1793_0025_0005_0063_0063.jpg 1 25 5 63 63
1794_0018_0019_0024_0024.jpg 1 18 19 24 24
1795_0031_0031_0046_0046.jpg 1 31 31 46 46
1796_0010_0031_0026_0026.jpg 1 10 31 26 26
1797_0004_0009_0066_0066.jpg 1 4 9 66 66
1798_0022_0022_0047_0047.jpg 1 22 22 47 47
1799_0006_0039_0047_0047.jpg 1 6 39 47 47
1800_0042_0055_0029_0029.jpg 1 42 55 29 29
1801_0039_0019_0044_0044.jpg 1 39 19 44 44
1802_0014_0016_0066_0066.jpg 1 14 16 66 66
1803_0041_0025_0040_0040.jpg 1 41 25 40 40
1804_0032_0026_0049_0049.jpg 1 32 26 49 49
1805_0018_0027_0057_0057.jpg 1 18 27 57 57
1806_0024_0027_0056_0056.jpg 1 24 27 56 56
1807_0015_0014_0064_0064.jpg 1 15 14 64 64
1808_0029_0033_0048_0048.jpg 1 29 33 48 48
1809_0034_0043_0050_0050.jpg 1 34 43 50 50
1810_0037_0037_0048_0048.jpg 1 37 37 48 48
1811_0053_0013_0036_0036.jpg 1 53 13 36 36
1812_0017_0028_0027_0027.jpg 1 17 28 27 27
1813_0021_0019_0064_0064.jpg 1 21 19 64 64
1814_0013_0032_0051_0051.jpg 1 13 32 51 51
1815_0012_0008_0039_0039.jpg 1 12 8 39 39
1816_0029_0045_0042_0042.jpg 1 29 45 42 42
1817_0038_0030_0057_0057.jpg 1 38 30 57 57
1818_0027_0048_0025_0025.jpg 1 27 48 25 25
1819_0026_0018_0067_0067.jpg 1 26 18 67 67
1820_0042_0051_0042_0042.jpg 1 42 51 42 42
1821_0036_0030_0026_0026.jpg 1 36 30 26 26
1822_0034_0041_0039_0039.jpg 1 34 41 39 39
1823_0041_0050_0038_0038.jpg 1 41 50 38 38
1824_0010_0016_0068_0068.jpg 1 10 16 68 68
1825_0024_0005_0060_0060.jpg 1 24 5 60 60
1826_0020_0004_0052_0052.jpg 1 20 4 52 52
1827_0048_0009_0046_0046.jpg 1 48 9 46 46
1828_0008_0035_0038_0038.jpg 1 8 35 38 38
1829_0030_0026_0039_0039.jpg 1 30 26 39 39
1830_0013_0015_0026_0026.jpg 1 13 15 26 26
1831_0024_0030_0052_0052.jpg 1 24 30 52 52
1832_0007_0049_0044_0044.jpg 1 7 49 44 44
1833_0018_0023_0069_0069.jpg 1 18 23 69 69
1834_0038_0041_0036_0036.jpg 1 38 41 36 36
1835_0031_0041_0042_0042.jpg 1 31 41 42 42
1836_0038_0029_0045_0045.jpg 1 38 29 45 45
1837_0057_0030_0034_0034.jpg 1 57 30 34 34
1838_0022_0019_0057_0057.jpg 1 22 19 57 57
1839_0035_0038_0043_0043.jpg 1 35 38 43 43
1840_0009_0019_0067_0067.jpg 1 9 19 67 67
1841_0044_0054_0027_0027.jpg 1 44 54 27 27
1842_0056_0058_0024_0024.jpg 1 56 58 24 24
1843_0026_0017_0050_0050.jpg 1 26 17 50 50
1844_0050_0021_0042_0042.jpg 1 50 21 42 42
1845_0043_0005_0050_0050.jpg 1 43 5 50 50
1846_0048_0022_0037_0037.jpg 1 48 22 37 37
1847_0006_0012_0041_0041.jpg 1 6 12 41 41
1848_0031_0007_0046_0046.jpg 1 31 7 46 46
1849_0015_0024_0028_0028.jpg 1 15 24 28 28
1850_0010_0029_0055_0055.jpg 1 10 29 55 55
1851_0042_0010_0040_0040.jpg 1 42 10 40 40
1852_0006_0031_0050_0050.jpg 1 6 31 50 50
1853_0016_0013_0056_0056.jpg 1 16 13 56 56
1854_0021_0029_0049_0049.jpg 1 21 29 49 49
1855_0018_0031_0046_0046.jpg 1 18 31 46 46
1856_0006_0004_0068_0068.jpg 1 6 4 68 68
1857_0020_0017_0049_0049.jpg 1 20 17 49 49
1858_0015_0050_0025_0025.jpg 1 15 50 25 25
1859_0040_0010_0045_0045.jpg 1 40 10 45 45
1860_0036_0022_0040_0040.jpg 1 36 22 40 40
1861_0043_0006_0038_0038.jpg 1 43 6 38 38
1862_0046_0021_0034_0034.jpg 1 46 21 34 34
1863_0059_0031_0032_0032.jpg 1 59 31 32 32
1864_0011_0032_0033_0033.jpg 1 11 32 33 33
1865_0024_0028_0041_0041.jpg 1 24 28 41 41
1866_0018_0018_0058_0058.jpg 1 18 18 58 58
1867_0066_0014_0025_0025.jpg 1 66 14 25 25
1868_0046_0030_0026_0026.jpg 1 46 30 26 26
1869_0032_0036_0046_0046.jpg 1 32 36 46 46
1870_0024_0016_0067_0067.jpg 1 24 16 67 67
1871_0019_0042_0038_0038.jpg 1 19 42 38 38
1872_0004_0014_0068_0068.jpg 1 4 14 68 68
1873_0003_0006_0064_0064.jpg 1 3 6 64 64
1874_0008_0032_0042_0042.jpg 1 8 32 42 42
1875_0022_0020_0051_0051.jpg 1 22 20 51 51
1876_0013_0031_0062_0062.jpg 1 13 31 62 62
1877_0009_0021_0059_0059.jpg 1 9 21 59 59
1878_0041_0038_0035_0035.jpg 1 41 38 35 35
1879_0019_0011_0028_0028.jpg 1 19 11 28 28
1880_0029_0008_0062_0062.jpg 1 29 8 62 62
1881_0031_0008_0058_0058.jpg 1 31 8 58 58
1882_0018_0006_0047_0047.jpg 1 18 6 47 47
1883_0015_0062_0028_0028.jpg 1 15 62 28 28
1884_0007_0010_0059_0059.jpg 1 7 10 59 59
1885_0029_0022_0027_0027.jpg 1 29 22 27 27
1886_0037_0005_0049_0049.jpg 1 37 5 49 49
1887_0040_0051_0033_0033.jpg 1 40 51 33 33
1888_0034_0050_0042_0042.jpg 1 34 50 42 42
1889_0016_0017_0029_0029.jpg 1 16 17 29 29
1890_0041_0044_0043_0043.jpg 1 41 44 43 43
1891_0025_0017_0064_0064.jpg 1 25 17 64 64
1892_0026_0025_0063_0063.jpg 1 26 25 63 63
1893_0004_0014_0057_0057.jpg 1 4 14 57 57
1894_0052_0025_0034_0034.jpg 1 52 25 34 34
1895_0008_0039_0055_0055.jpg 1 8 39 55 55
1896_0051_0032_0027_0027.jpg 1 51 32 27 27
1897_0016_0027_0048_0048.jpg 1 16 27 48 48
1898_0018_0015_0046_0046.jpg 1 18 15 46 46
1899_0030_0012_0056_0056.jpg 1 30 12 56 56
1900_0029_0014_0025_0025.jpg 1 29 14 25 25
1901_0033_0040_0044_0044.jpg 1 33 40 44 44
1902_0043_0023_0047_0047.jpg 1 43 23 47 47
1903_0028_0007_0068_0068.jpg 1 28 7 68 68
1904_0056_0018_0034_0034.jpg 1 56 18 34 34
1905_0004_0006_0066_0066.jpg 1 4 6 66 66
1906_0032_0019_0063_0063.jpg 1 32 19 63 63
1907_0017_0010_0058_0058.jpg 1 17 10 58 58
1908_0020_0013_0026_0026.jpg 1 20 13 26 26
1909_0031_0025_0042_0042.jpg 1 31 25 42 42
1910_0011_0009_0051_0051.jpg 1 11 9 51 51
1911_0015_0020_0067_0067.jpg 1 15 20 67 67
1912_0017_0019_0029_0029.jpg 1 17 19 29 29
1913_0012_0024_0052_0052.jpg 1 12 24 52 52
1914_0014_0012_0055_0055.jpg 1 14 12 55 55
1915_0034_0005_0049_0049.jpg 1 34 5 49 49
1916_0038_0027_0055_0055.jpg 1 38 27 55 55
1917_0058_0046_0028_0028.jpg 1 58 46 28 28
1918_0014_0029_0046_0046.jpg 1 14 29 46 46
1919_0015_0014_0065_0065.jpg 1 15 14 65 65
1920_0022_0013_0066_0066.jpg 1 22 13 66 66
1921_0017_0050_0042_0042.jpg 1 17 50 42 42
1922_0024_0027_0069_0069.jpg 1 24 27 69 69
1923_0040_0060_0029_0029.jpg 1 40 60 29 29
1924_0024_0038_0046_0046.jpg 1 24 38 46 46
1925_0027_0029_0048_0048.jpg 1 27 29 48 48
1926_0053_0056_0034_0034.jpg 1 53 56 34 34
1927_0033_0007_0046_0046.jpg 1 33 7 46 46
1928_0004_0034_0056_0056.jpg 1 4 34 56 56
1929_0029_0021_0041_0041.jpg 1 29 21 41 41
1930_0030_0029_0054_0054.jpg 1 30 29 54 54
1931_0021_0032_0061_0061.jpg 1 21 32 61 61
1932_0059_0053_0025_0025.jpg 1 59 53 25 25
1933_0019_0060_0025_0025.jpg 1 19 60 25 25
1934_0016_0032_0052_0052.jpg 1 16 32 52 52
1935_0021_0029_0061_0061.jpg 1 21 29 61 61
1936_0048_0006_0044_0044.jpg 1 48 6 44 44
1937_0061_0018_0030_0030.jpg 1 61 18 30 30
1938_0008_0014_0050_0050.jpg 1 8 14 50 50
1939_0008_0029_0044_0044.jpg 1 8 29 44 44
1940_0026_0037_0058_0058.jpg 1 26 37 58 58
1941_0020_0051_0040_0040.jpg 1 20 51 40 40
1942_0041_0022_0047_0047.jpg 1 41 22 47 47
1943_0030_0037_0039_0039.jpg 1 30 37 39 39
1944_0045_0024_0024_0024.jpg 1 45 24 24 24
1945_0025_0033_0054_0054.jpg 1 25 33 54 54
1946_0030_0042_0043_0043.jpg 1 30 42 43 43
1947_0020_0008_0031_0031.jpg 1 20 8 31 31
1948_0018_0003_0067_0067.jpg 1 18 3 67 67
1949_0007_0033_0056_0056.jpg 1 7 33 56 56
1950_0013_0035_0049_0049.jpg 1 13 35 49 49
